{"/Users/dustinjasmin/eth-1/context/auth-context.tsx": {"path":"/Users/dustinjasmin/eth-1/context/auth-context.tsx","statementMap":{"0":{"start":{"line":74,"column":16},"end":{"line":74,"column":28}},"1":{"start":{"line":399,"column":13},"end":{"line":399,"column":25}},"2":{"start":{"line":392,"column":16},"end":{"line":392,"column":23}},"3":{"start":{"line":4,"column":63},"end":{"line":4,"column":null}},"4":{"start":{"line":5,"column":26},"end":{"line":5,"column":null}},"5":{"start":{"line":7,"column":26},"end":{"line":7,"column":null}},"6":{"start":{"line":11,"column":7},"end":{"line":11,"column":null}},"7":{"start":{"line":12,"column":37},"end":{"line":12,"column":null}},"8":{"start":{"line":38,"column":16},"end":{"line":38,"column":null}},"9":{"start":{"line":40,"column":20},"end":{"line":40,"column":null}},"10":{"start":{"line":43,"column":24},"end":{"line":72,"column":null}},"11":{"start":{"line":44,"column":42},"end":{"line":46,"column":null}},"12":{"start":{"line":48,"column":2},"end":{"line":50,"column":null}},"13":{"start":{"line":49,"column":4},"end":{"line":49,"column":null}},"14":{"start":{"line":52,"column":2},"end":{"line":71,"column":null}},"15":{"start":{"line":54,"column":6},"end":{"line":54,"column":null}},"16":{"start":{"line":56,"column":6},"end":{"line":61,"column":null}},"17":{"start":{"line":63,"column":6},"end":{"line":68,"column":null}},"18":{"start":{"line":70,"column":6},"end":{"line":70,"column":null}},"19":{"start":{"line":75,"column":17},"end":{"line":75,"column":null}},"20":{"start":{"line":76,"column":26},"end":{"line":76,"column":null}},"21":{"start":{"line":77,"column":32},"end":{"line":77,"column":null}},"22":{"start":{"line":78,"column":32},"end":{"line":78,"column":null}},"23":{"start":{"line":79,"column":44},"end":{"line":79,"column":null}},"24":{"start":{"line":80,"column":40},"end":{"line":80,"column":null}},"25":{"start":{"line":81,"column":36},"end":{"line":81,"column":null}},"26":{"start":{"line":82,"column":52},"end":{"line":82,"column":null}},"27":{"start":{"line":85,"column":30},"end":{"line":89,"column":null}},"28":{"start":{"line":86,"column":4},"end":{"line":88,"column":null}},"29":{"start":{"line":87,"column":6},"end":{"line":87,"column":null}},"30":{"start":{"line":92,"column":33},"end":{"line":104,"column":null}},"31":{"start":{"line":93,"column":4},"end":{"line":103,"column":null}},"32":{"start":{"line":94,"column":23},"end":{"line":98,"column":null}},"33":{"start":{"line":99,"column":6},"end":{"line":99,"column":null}},"34":{"start":{"line":101,"column":6},"end":{"line":101,"column":null}},"35":{"start":{"line":102,"column":6},"end":{"line":102,"column":null}},"36":{"start":{"line":107,"column":25},"end":{"line":131,"column":null}},"37":{"start":{"line":108,"column":4},"end":{"line":108,"column":null}},"38":{"start":{"line":109,"column":4},"end":{"line":113,"column":null}},"39":{"start":{"line":110,"column":6},"end":{"line":110,"column":null}},"40":{"start":{"line":112,"column":6},"end":{"line":112,"column":null}},"41":{"start":{"line":116,"column":4},"end":{"line":130,"column":null}},"42":{"start":{"line":117,"column":22},"end":{"line":117,"column":null}},"43":{"start":{"line":118,"column":25},"end":{"line":118,"column":null}},"44":{"start":{"line":119,"column":26},"end":{"line":119,"column":55}},"45":{"start":{"line":120,"column":31},"end":{"line":120,"column":null}},"46":{"start":{"line":122,"column":6},"end":{"line":127,"column":null}},"47":{"start":{"line":123,"column":22},"end":{"line":125,"column":null}},"48":{"start":{"line":124,"column":10},"end":{"line":124,"column":null}},"49":{"start":{"line":126,"column":8},"end":{"line":126,"column":null}},"50":{"start":{"line":129,"column":6},"end":{"line":129,"column":null}},"51":{"start":{"line":134,"column":25},"end":{"line":145,"column":null}},"52":{"start":{"line":135,"column":4},"end":{"line":135,"column":null}},"53":{"start":{"line":136,"column":4},"end":{"line":140,"column":null}},"54":{"start":{"line":137,"column":6},"end":{"line":137,"column":null}},"55":{"start":{"line":139,"column":6},"end":{"line":139,"column":null}},"56":{"start":{"line":141,"column":4},"end":{"line":144,"column":null}},"57":{"start":{"line":142,"column":6},"end":{"line":142,"column":null}},"58":{"start":{"line":143,"column":6},"end":{"line":143,"column":null}},"59":{"start":{"line":148,"column":28},"end":{"line":161,"column":null}},"60":{"start":{"line":149,"column":47},"end":{"line":149,"column":null}},"61":{"start":{"line":152,"column":4},"end":{"line":152,"column":null}},"62":{"start":{"line":155,"column":4},"end":{"line":155,"column":null}},"63":{"start":{"line":158,"column":4},"end":{"line":158,"column":null}},"64":{"start":{"line":160,"column":4},"end":{"line":160,"column":null}},"65":{"start":{"line":164,"column":23},"end":{"line":176,"column":null}},"66":{"start":{"line":165,"column":4},"end":{"line":175,"column":null}},"67":{"start":{"line":166,"column":6},"end":{"line":170,"column":null}},"68":{"start":{"line":167,"column":25},"end":{"line":167,"column":null}},"69":{"start":{"line":168,"column":8},"end":{"line":168,"column":null}},"70":{"start":{"line":169,"column":8},"end":{"line":169,"column":null}},"71":{"start":{"line":172,"column":6},"end":{"line":172,"column":null}},"72":{"start":{"line":174,"column":6},"end":{"line":174,"column":null}},"73":{"start":{"line":179,"column":2},"end":{"line":188,"column":null}},"74":{"start":{"line":180,"column":4},"end":{"line":187,"column":null}},"75":{"start":{"line":181,"column":26},"end":{"line":181,"column":null}},"76":{"start":{"line":182,"column":6},"end":{"line":184,"column":null}},"77":{"start":{"line":183,"column":8},"end":{"line":183,"column":null}},"78":{"start":{"line":186,"column":6},"end":{"line":186,"column":null}},"79":{"start":{"line":190,"column":2},"end":{"line":215,"column":null}},"80":{"start":{"line":192,"column":24},"end":{"line":211,"column":null}},"81":{"start":{"line":193,"column":6},"end":{"line":193,"column":null}},"82":{"start":{"line":194,"column":6},"end":{"line":194,"column":null}},"83":{"start":{"line":196,"column":6},"end":{"line":210,"column":null}},"84":{"start":{"line":198,"column":8},"end":{"line":198,"column":null}},"85":{"start":{"line":201,"column":8},"end":{"line":203,"column":null}},"86":{"start":{"line":202,"column":10},"end":{"line":202,"column":null}},"87":{"start":{"line":206,"column":8},"end":{"line":206,"column":null}},"88":{"start":{"line":207,"column":8},"end":{"line":207,"column":null}},"89":{"start":{"line":208,"column":8},"end":{"line":208,"column":null}},"90":{"start":{"line":209,"column":8},"end":{"line":209,"column":null}},"91":{"start":{"line":214,"column":4},"end":{"line":214,"column":null}},"92":{"start":{"line":214,"column":17},"end":{"line":214,"column":null}},"93":{"start":{"line":217,"column":27},"end":{"line":264,"column":null}},"94":{"start":{"line":218,"column":4},"end":{"line":263,"column":null}},"95":{"start":{"line":220,"column":33},"end":{"line":220,"column":null}},"96":{"start":{"line":221,"column":6},"end":{"line":223,"column":null}},"97":{"start":{"line":222,"column":8},"end":{"line":222,"column":null}},"98":{"start":{"line":226,"column":21},"end":{"line":226,"column":null}},"99":{"start":{"line":228,"column":6},"end":{"line":230,"column":null}},"100":{"start":{"line":229,"column":8},"end":{"line":229,"column":null}},"101":{"start":{"line":233,"column":22},"end":{"line":233,"column":null}},"102":{"start":{"line":236,"column":23},"end":{"line":242,"column":null}},"103":{"start":{"line":244,"column":6},"end":{"line":249,"column":null}},"104":{"start":{"line":246,"column":8},"end":{"line":246,"column":null}},"105":{"start":{"line":247,"column":21},"end":{"line":247,"column":null}},"106":{"start":{"line":248,"column":8},"end":{"line":248,"column":null}},"107":{"start":{"line":251,"column":19},"end":{"line":251,"column":null}},"108":{"start":{"line":254,"column":6},"end":{"line":254,"column":null}},"109":{"start":{"line":257,"column":6},"end":{"line":257,"column":null}},"110":{"start":{"line":259,"column":6},"end":{"line":259,"column":null}},"111":{"start":{"line":261,"column":6},"end":{"line":261,"column":null}},"112":{"start":{"line":262,"column":6},"end":{"line":262,"column":null}},"113":{"start":{"line":266,"column":26},"end":{"line":309,"column":null}},"114":{"start":{"line":267,"column":4},"end":{"line":308,"column":null}},"115":{"start":{"line":269,"column":6},"end":{"line":271,"column":null}},"116":{"start":{"line":270,"column":8},"end":{"line":270,"column":null}},"117":{"start":{"line":274,"column":33},"end":{"line":274,"column":null}},"118":{"start":{"line":275,"column":6},"end":{"line":277,"column":null}},"119":{"start":{"line":276,"column":8},"end":{"line":276,"column":null}},"120":{"start":{"line":280,"column":23},"end":{"line":286,"column":null}},"121":{"start":{"line":288,"column":6},"end":{"line":291,"column":null}},"122":{"start":{"line":289,"column":21},"end":{"line":289,"column":null}},"123":{"start":{"line":290,"column":8},"end":{"line":290,"column":null}},"124":{"start":{"line":293,"column":19},"end":{"line":293,"column":null}},"125":{"start":{"line":296,"column":6},"end":{"line":296,"column":null}},"126":{"start":{"line":302,"column":6},"end":{"line":302,"column":null}},"127":{"start":{"line":304,"column":6},"end":{"line":304,"column":null}},"128":{"start":{"line":306,"column":6},"end":{"line":306,"column":null}},"129":{"start":{"line":307,"column":6},"end":{"line":307,"column":null}},"130":{"start":{"line":311,"column":26},"end":{"line":354,"column":null}},"131":{"start":{"line":312,"column":4},"end":{"line":353,"column":null}},"132":{"start":{"line":314,"column":6},"end":{"line":316,"column":null}},"133":{"start":{"line":315,"column":8},"end":{"line":315,"column":null}},"134":{"start":{"line":319,"column":33},"end":{"line":319,"column":null}},"135":{"start":{"line":320,"column":6},"end":{"line":322,"column":null}},"136":{"start":{"line":321,"column":8},"end":{"line":321,"column":null}},"137":{"start":{"line":325,"column":23},"end":{"line":331,"column":null}},"138":{"start":{"line":333,"column":6},"end":{"line":336,"column":null}},"139":{"start":{"line":334,"column":21},"end":{"line":334,"column":null}},"140":{"start":{"line":335,"column":8},"end":{"line":335,"column":null}},"141":{"start":{"line":338,"column":19},"end":{"line":338,"column":null}},"142":{"start":{"line":341,"column":6},"end":{"line":341,"column":null}},"143":{"start":{"line":347,"column":6},"end":{"line":347,"column":null}},"144":{"start":{"line":349,"column":6},"end":{"line":349,"column":null}},"145":{"start":{"line":351,"column":6},"end":{"line":351,"column":null}},"146":{"start":{"line":352,"column":6},"end":{"line":352,"column":null}},"147":{"start":{"line":356,"column":18},"end":{"line":365,"column":null}},"148":{"start":{"line":358,"column":4},"end":{"line":358,"column":null}},"149":{"start":{"line":361,"column":4},"end":{"line":361,"column":null}},"150":{"start":{"line":364,"column":4},"end":{"line":364,"column":null}},"151":{"start":{"line":367,"column":2},"end":{"line":369,"column":null}},"152":{"start":{"line":368,"column":4},"end":{"line":368,"column":null}},"153":{"start":{"line":393,"column":18},"end":{"line":393,"column":null}},"154":{"start":{"line":394,"column":2},"end":{"line":394,"column":null}},"155":{"start":{"line":394,"column":29},"end":{"line":394,"column":null}},"156":{"start":{"line":395,"column":2},"end":{"line":395,"column":null}},"157":{"start":{"line":399,"column":28},"end":{"line":402,"column":null}},"158":{"start":{"line":400,"column":24},"end":{"line":400,"column":null}},"159":{"start":{"line":401,"column":2},"end":{"line":401,"column":null}}},"fnMap":{"0":{"name":"(anonymous_5)","decl":{"start":{"line":43,"column":24},"end":{"line":43,"column":25}},"loc":{"start":{"line":43,"column":25},"end":{"line":72,"column":null}}},"1":{"name":"(anonymous_6)","decl":{"start":{"line":53,"column":9},"end":{"line":53,"column":10}},"loc":{"start":{"line":54,"column":6},"end":{"line":54,"column":null}}},"2":{"name":"(anonymous_7)","decl":{"start":{"line":55,"column":10},"end":{"line":55,"column":11}},"loc":{"start":{"line":56,"column":6},"end":{"line":61,"column":null}}},"3":{"name":"(anonymous_8)","decl":{"start":{"line":62,"column":9},"end":{"line":62,"column":10}},"loc":{"start":{"line":63,"column":6},"end":{"line":68,"column":null}}},"4":{"name":"(anonymous_9)","decl":{"start":{"line":69,"column":12},"end":{"line":69,"column":13}},"loc":{"start":{"line":70,"column":6},"end":{"line":70,"column":null}}},"5":{"name":"AuthProvider","decl":{"start":{"line":74,"column":16},"end":{"line":74,"column":28}},"loc":{"start":{"line":74,"column":72},"end":{"line":390,"column":null}}},"6":{"name":"(anonymous_11)","decl":{"start":{"line":85,"column":30},"end":{"line":85,"column":null}},"loc":{"start":{"line":85,"column":30},"end":{"line":89,"column":null}}},"7":{"name":"(anonymous_12)","decl":{"start":{"line":86,"column":15},"end":{"line":86,"column":null}},"loc":{"start":{"line":86,"column":15},"end":{"line":88,"column":7}}},"8":{"name":"(anonymous_13)","decl":{"start":{"line":92,"column":33},"end":{"line":92,"column":null}},"loc":{"start":{"line":92,"column":33},"end":{"line":104,"column":null}}},"9":{"name":"(anonymous_14)","decl":{"start":{"line":107,"column":25},"end":{"line":107,"column":26}},"loc":{"start":{"line":107,"column":26},"end":{"line":131,"column":null}}},"10":{"name":"(anonymous_15)","decl":{"start":{"line":123,"column":33},"end":{"line":123,"column":null}},"loc":{"start":{"line":123,"column":33},"end":{"line":125,"column":11}}},"11":{"name":"(anonymous_16)","decl":{"start":{"line":134,"column":25},"end":{"line":134,"column":null}},"loc":{"start":{"line":134,"column":25},"end":{"line":145,"column":null}}},"12":{"name":"(anonymous_17)","decl":{"start":{"line":148,"column":28},"end":{"line":148,"column":29}},"loc":{"start":{"line":148,"column":29},"end":{"line":161,"column":null}}},"13":{"name":"(anonymous_18)","decl":{"start":{"line":164,"column":23},"end":{"line":164,"column":null}},"loc":{"start":{"line":164,"column":23},"end":{"line":176,"column":null}}},"14":{"name":"(anonymous_19)","decl":{"start":{"line":179,"column":12},"end":{"line":179,"column":null}},"loc":{"start":{"line":179,"column":12},"end":{"line":188,"column":5}}},"15":{"name":"(anonymous_20)","decl":{"start":{"line":190,"column":12},"end":{"line":190,"column":null}},"loc":{"start":{"line":190,"column":12},"end":{"line":215,"column":5}}},"16":{"name":"(anonymous_21)","decl":{"start":{"line":192,"column":48},"end":{"line":192,"column":49}},"loc":{"start":{"line":192,"column":49},"end":{"line":211,"column":null}}},"17":{"name":"(anonymous_22)","decl":{"start":{"line":214,"column":11},"end":{"line":214,"column":17}},"loc":{"start":{"line":214,"column":17},"end":{"line":214,"column":null}}},"18":{"name":"(anonymous_23)","decl":{"start":{"line":217,"column":27},"end":{"line":217,"column":null}},"loc":{"start":{"line":217,"column":27},"end":{"line":264,"column":null}}},"19":{"name":"(anonymous_24)","decl":{"start":{"line":266,"column":26},"end":{"line":266,"column":33}},"loc":{"start":{"line":266,"column":48},"end":{"line":309,"column":null}}},"20":{"name":"(anonymous_25)","decl":{"start":{"line":311,"column":26},"end":{"line":311,"column":33}},"loc":{"start":{"line":311,"column":48},"end":{"line":354,"column":null}}},"21":{"name":"(anonymous_26)","decl":{"start":{"line":356,"column":18},"end":{"line":356,"column":null}},"loc":{"start":{"line":356,"column":18},"end":{"line":365,"column":null}}},"22":{"name":"useAuth","decl":{"start":{"line":392,"column":16},"end":{"line":392,"column":23}},"loc":{"start":{"line":392,"column":16},"end":{"line":396,"column":null}}},"23":{"name":"(anonymous_28)","decl":{"start":{"line":399,"column":28},"end":{"line":399,"column":null}},"loc":{"start":{"line":399,"column":28},"end":{"line":402,"column":null}}}},"branchMap":{"0":{"loc":{"start":{"line":48,"column":2},"end":{"line":50,"column":null}},"type":"if","locations":[{"start":{"line":48,"column":2},"end":{"line":50,"column":null}}]},"1":{"loc":{"start":{"line":58,"column":14},"end":{"line":58,"column":null}},"type":"cond-expr","locations":[{"start":{"line":58,"column":21},"end":{"line":58,"column":44}},{"start":{"line":58,"column":44},"end":{"line":58,"column":null}}]},"2":{"loc":{"start":{"line":65,"column":14},"end":{"line":65,"column":null}},"type":"cond-expr","locations":[{"start":{"line":65,"column":21},"end":{"line":65,"column":44}},{"start":{"line":65,"column":44},"end":{"line":65,"column":null}}]},"3":{"loc":{"start":{"line":122,"column":6},"end":{"line":127,"column":null}},"type":"if","locations":[{"start":{"line":122,"column":6},"end":{"line":127,"column":null}}]},"4":{"loc":{"start":{"line":141,"column":4},"end":{"line":144,"column":null}},"type":"if","locations":[{"start":{"line":141,"column":4},"end":{"line":144,"column":null}}]},"5":{"loc":{"start":{"line":155,"column":15},"end":{"line":155,"column":null}},"type":"binary-expr","locations":[{"start":{"line":155,"column":15},"end":{"line":155,"column":27}},{"start":{"line":155,"column":31},"end":{"line":155,"column":null}}]},"6":{"loc":{"start":{"line":166,"column":6},"end":{"line":170,"column":null}},"type":"if","locations":[{"start":{"line":166,"column":6},"end":{"line":170,"column":null}}]},"7":{"loc":{"start":{"line":182,"column":6},"end":{"line":184,"column":null}},"type":"if","locations":[{"start":{"line":182,"column":6},"end":{"line":184,"column":null}}]},"8":{"loc":{"start":{"line":196,"column":6},"end":{"line":210,"column":null}},"type":"if","locations":[{"start":{"line":196,"column":6},"end":{"line":210,"column":null}},{"start":{"line":204,"column":13},"end":{"line":210,"column":null}}]},"9":{"loc":{"start":{"line":201,"column":8},"end":{"line":203,"column":null}},"type":"if","locations":[{"start":{"line":201,"column":8},"end":{"line":203,"column":null}}]},"10":{"loc":{"start":{"line":201,"column":12},"end":{"line":201,"column":87}},"type":"binary-expr","locations":[{"start":{"line":201,"column":12},"end":{"line":201,"column":48}},{"start":{"line":201,"column":48},"end":{"line":201,"column":87}}]},"11":{"loc":{"start":{"line":221,"column":6},"end":{"line":223,"column":null}},"type":"if","locations":[{"start":{"line":221,"column":6},"end":{"line":223,"column":null}}]},"12":{"loc":{"start":{"line":228,"column":6},"end":{"line":230,"column":null}},"type":"if","locations":[{"start":{"line":228,"column":6},"end":{"line":230,"column":null}}]},"13":{"loc":{"start":{"line":244,"column":6},"end":{"line":249,"column":null}},"type":"if","locations":[{"start":{"line":244,"column":6},"end":{"line":249,"column":null}}]},"14":{"loc":{"start":{"line":248,"column":24},"end":{"line":248,"column":null}},"type":"binary-expr","locations":[{"start":{"line":248,"column":24},"end":{"line":248,"column":34}},{"start":{"line":248,"column":38},"end":{"line":248,"column":null}}]},"15":{"loc":{"start":{"line":269,"column":6},"end":{"line":271,"column":null}},"type":"if","locations":[{"start":{"line":269,"column":6},"end":{"line":271,"column":null}}]},"16":{"loc":{"start":{"line":269,"column":10},"end":{"line":269,"column":31}},"type":"binary-expr","locations":[{"start":{"line":269,"column":10},"end":{"line":269,"column":20}},{"start":{"line":269,"column":20},"end":{"line":269,"column":31}}]},"17":{"loc":{"start":{"line":275,"column":6},"end":{"line":277,"column":null}},"type":"if","locations":[{"start":{"line":275,"column":6},"end":{"line":277,"column":null}}]},"18":{"loc":{"start":{"line":288,"column":6},"end":{"line":291,"column":null}},"type":"if","locations":[{"start":{"line":288,"column":6},"end":{"line":291,"column":null}}]},"19":{"loc":{"start":{"line":290,"column":24},"end":{"line":290,"column":null}},"type":"binary-expr","locations":[{"start":{"line":290,"column":24},"end":{"line":290,"column":34}},{"start":{"line":290,"column":38},"end":{"line":290,"column":null}}]},"20":{"loc":{"start":{"line":314,"column":6},"end":{"line":316,"column":null}},"type":"if","locations":[{"start":{"line":314,"column":6},"end":{"line":316,"column":null}}]},"21":{"loc":{"start":{"line":314,"column":10},"end":{"line":314,"column":31}},"type":"binary-expr","locations":[{"start":{"line":314,"column":10},"end":{"line":314,"column":20}},{"start":{"line":314,"column":20},"end":{"line":314,"column":31}}]},"22":{"loc":{"start":{"line":320,"column":6},"end":{"line":322,"column":null}},"type":"if","locations":[{"start":{"line":320,"column":6},"end":{"line":322,"column":null}}]},"23":{"loc":{"start":{"line":333,"column":6},"end":{"line":336,"column":null}},"type":"if","locations":[{"start":{"line":333,"column":6},"end":{"line":336,"column":null}}]},"24":{"loc":{"start":{"line":335,"column":24},"end":{"line":335,"column":null}},"type":"binary-expr","locations":[{"start":{"line":335,"column":24},"end":{"line":335,"column":34}},{"start":{"line":335,"column":38},"end":{"line":335,"column":null}}]},"25":{"loc":{"start":{"line":367,"column":2},"end":{"line":369,"column":null}},"type":"if","locations":[{"start":{"line":367,"column":2},"end":{"line":369,"column":null}}]},"26":{"loc":{"start":{"line":394,"column":2},"end":{"line":394,"column":null}},"type":"if","locations":[{"start":{"line":394,"column":2},"end":{"line":394,"column":null}}]},"27":{"loc":{"start":{"line":401,"column":25},"end":{"line":401,"column":null}},"type":"binary-expr","locations":[{"start":{"line":401,"column":25},"end":{"line":401,"column":38}},{"start":{"line":401,"column":38},"end":{"line":401,"column":null}}]}},"s":{"0":42,"1":33,"2":44,"3":3,"4":3,"5":3,"6":3,"7":3,"8":3,"9":3,"10":3,"11":33,"12":33,"13":6,"14":33,"15":1,"16":0,"17":0,"18":0,"19":115,"20":115,"21":115,"22":115,"23":115,"24":115,"25":115,"26":115,"27":115,"28":18,"29":17,"30":115,"31":9,"32":9,"33":7,"34":2,"35":2,"36":115,"37":6,"38":6,"39":6,"40":0,"41":6,"42":6,"43":0,"44":0,"45":0,"46":0,"47":0,"48":0,"49":0,"50":6,"51":115,"52":60,"53":60,"54":60,"55":0,"56":60,"57":0,"58":0,"59":115,"60":5,"61":5,"62":5,"63":5,"64":5,"65":115,"66":2,"67":2,"68":2,"69":1,"70":1,"71":1,"72":1,"73":115,"74":42,"75":42,"76":42,"77":1,"78":0,"79":115,"80":82,"81":71,"82":71,"83":71,"84":13,"85":13,"86":13,"87":58,"88":58,"89":58,"90":58,"91":82,"92":82,"93":115,"94":3,"95":3,"96":3,"97":1,"98":2,"99":2,"100":0,"101":2,"102":2,"103":2,"104":1,"105":1,"106":1,"107":1,"108":1,"109":1,"110":2,"111":2,"112":2,"113":115,"114":7,"115":7,"116":2,"117":5,"118":5,"119":1,"120":4,"121":4,"122":1,"123":1,"124":3,"125":3,"126":3,"127":3,"128":4,"129":4,"130":115,"131":1,"132":1,"133":0,"134":1,"135":1,"136":0,"137":1,"138":1,"139":0,"140":0,"141":1,"142":1,"143":1,"144":1,"145":0,"146":0,"147":115,"148":2,"149":2,"150":2,"151":115,"152":42,"153":77,"154":76,"155":4,"156":72,"157":3,"158":33,"159":33},"f":{"0":33,"1":1,"2":0,"3":0,"4":0,"5":115,"6":18,"7":17,"8":9,"9":6,"10":0,"11":60,"12":5,"13":2,"14":42,"15":82,"16":71,"17":82,"18":3,"19":7,"20":1,"21":2,"22":77,"23":33},"b":{"0":[6],"1":[0,0],"2":[0,0],"3":[0],"4":[0],"5":[5,4],"6":[2],"7":[1],"8":[13,58],"9":[13],"10":[13,0],"11":[1],"12":[0],"13":[1],"14":[1,0],"15":[2],"16":[7,5],"17":[1],"18":[1],"19":[1,0],"20":[0],"21":[1,1],"22":[0],"23":[0],"24":[0,0],"25":[42],"26":[4],"27":[33,27]}}
,"/Users/dustinjasmin/eth-1/context/onboarding-context.tsx": {"path":"/Users/dustinjasmin/eth-1/context/onboarding-context.tsx","statementMap":{"0":{"start":{"line":18,"column":16},"end":{"line":18,"column":34}},"1":{"start":{"line":72,"column":16},"end":{"line":72,"column":29}},"2":{"start":{"line":3,"column":79},"end":{"line":3,"column":null}},"3":{"start":{"line":4,"column":24},"end":{"line":4,"column":null}},"4":{"start":{"line":16,"column":26},"end":{"line":16,"column":null}},"5":{"start":{"line":19,"column":19},"end":{"line":19,"column":null}},"6":{"start":{"line":20,"column":46},"end":{"line":20,"column":null}},"7":{"start":{"line":21,"column":62},"end":{"line":21,"column":null}},"8":{"start":{"line":22,"column":40},"end":{"line":22,"column":null}},"9":{"start":{"line":23,"column":21},"end":{"line":23,"column":null}},"10":{"start":{"line":26,"column":2},"end":{"line":44,"column":null}},"11":{"start":{"line":27,"column":4},"end":{"line":43,"column":null}},"12":{"start":{"line":29,"column":6},"end":{"line":33,"column":null}},"13":{"start":{"line":30,"column":8},"end":{"line":30,"column":null}},"14":{"start":{"line":32,"column":8},"end":{"line":32,"column":null}},"15":{"start":{"line":36,"column":27},"end":{"line":36,"column":null}},"16":{"start":{"line":37,"column":6},"end":{"line":37,"column":null}},"17":{"start":{"line":40,"column":6},"end":{"line":42,"column":null}},"18":{"start":{"line":41,"column":8},"end":{"line":41,"column":null}},"19":{"start":{"line":47,"column":36},"end":{"line":53,"column":null}},"20":{"start":{"line":48,"column":4},"end":{"line":48,"column":null}},"21":{"start":{"line":50,"column":4},"end":{"line":52,"column":null}},"22":{"start":{"line":51,"column":6},"end":{"line":51,"column":null}},"23":{"start":{"line":73,"column":18},"end":{"line":73,"column":null}},"24":{"start":{"line":74,"column":2},"end":{"line":76,"column":null}},"25":{"start":{"line":75,"column":4},"end":{"line":75,"column":null}},"26":{"start":{"line":77,"column":2},"end":{"line":77,"column":null}}},"fnMap":{"0":{"name":"OnboardingProvider","decl":{"start":{"line":18,"column":16},"end":{"line":18,"column":34}},"loc":{"start":{"line":18,"column":72},"end":{"line":70,"column":null}}},"1":{"name":"(anonymous_4)","decl":{"start":{"line":26,"column":12},"end":{"line":26,"column":null}},"loc":{"start":{"line":26,"column":12},"end":{"line":44,"column":5}}},"2":{"name":"(anonymous_5)","decl":{"start":{"line":47,"column":36},"end":{"line":47,"column":37}},"loc":{"start":{"line":47,"column":37},"end":{"line":53,"column":null}}},"3":{"name":"useOnboarding","decl":{"start":{"line":72,"column":16},"end":{"line":72,"column":29}},"loc":{"start":{"line":72,"column":16},"end":{"line":78,"column":null}}}},"branchMap":{"0":{"loc":{"start":{"line":27,"column":4},"end":{"line":43,"column":null}},"type":"if","locations":[{"start":{"line":27,"column":4},"end":{"line":43,"column":null}}]},"1":{"loc":{"start":{"line":29,"column":6},"end":{"line":33,"column":null}},"type":"if","locations":[{"start":{"line":29,"column":6},"end":{"line":33,"column":null}}]},"2":{"loc":{"start":{"line":40,"column":6},"end":{"line":42,"column":null}},"type":"if","locations":[{"start":{"line":40,"column":6},"end":{"line":42,"column":null}}]},"3":{"loc":{"start":{"line":50,"column":4},"end":{"line":52,"column":null}},"type":"if","locations":[{"start":{"line":50,"column":4},"end":{"line":52,"column":null}}]},"4":{"loc":{"start":{"line":50,"column":8},"end":{"line":50,"column":70}},"type":"binary-expr","locations":[{"start":{"line":50,"column":8},"end":{"line":50,"column":16}},{"start":{"line":50,"column":16},"end":{"line":50,"column":59}},{"start":{"line":50,"column":59},"end":{"line":50,"column":70}}]},"5":{"loc":{"start":{"line":74,"column":2},"end":{"line":76,"column":null}},"type":"if","locations":[{"start":{"line":74,"column":2},"end":{"line":76,"column":null}}]}},"s":{"0":0,"1":0,"2":0,"3":0,"4":0,"5":0,"6":0,"7":0,"8":0,"9":0,"10":0,"11":0,"12":0,"13":0,"14":0,"15":0,"16":0,"17":0,"18":0,"19":0,"20":0,"21":0,"22":0,"23":0,"24":0,"25":0,"26":0},"f":{"0":0,"1":0,"2":0,"3":0},"b":{"0":[0],"1":[0],"2":[0],"3":[0],"4":[0,0,0],"5":[0]}}
,"/Users/dustinjasmin/eth-1/context/sidebar-context.tsx": {"path":"/Users/dustinjasmin/eth-1/context/sidebar-context.tsx","statementMap":{"0":{"start":{"line":13,"column":16},"end":{"line":13,"column":31}},"1":{"start":{"line":35,"column":16},"end":{"line":35,"column":26}},"2":{"start":{"line":3,"column":79},"end":{"line":3,"column":null}},"3":{"start":{"line":11,"column":23},"end":{"line":11,"column":null}},"4":{"start":{"line":15,"column":34},"end":{"line":15,"column":null}},"5":{"start":{"line":18,"column":2},"end":{"line":23,"column":null}},"6":{"start":{"line":19,"column":23},"end":{"line":19,"column":null}},"7":{"start":{"line":20,"column":4},"end":{"line":22,"column":null}},"8":{"start":{"line":21,"column":6},"end":{"line":21,"column":null}},"9":{"start":{"line":25,"column":24},"end":{"line":30,"column":null}},"10":{"start":{"line":26,"column":21},"end":{"line":26,"column":null}},"11":{"start":{"line":27,"column":4},"end":{"line":27,"column":null}},"12":{"start":{"line":29,"column":4},"end":{"line":29,"column":null}},"13":{"start":{"line":36,"column":18},"end":{"line":36,"column":null}},"14":{"start":{"line":37,"column":2},"end":{"line":39,"column":null}},"15":{"start":{"line":38,"column":4},"end":{"line":38,"column":null}},"16":{"start":{"line":40,"column":2},"end":{"line":40,"column":null}}},"fnMap":{"0":{"name":"SidebarProvider","decl":{"start":{"line":13,"column":16},"end":{"line":13,"column":31}},"loc":{"start":{"line":13,"column":69},"end":{"line":33,"column":null}}},"1":{"name":"(anonymous_4)","decl":{"start":{"line":18,"column":12},"end":{"line":18,"column":null}},"loc":{"start":{"line":18,"column":12},"end":{"line":23,"column":5}}},"2":{"name":"(anonymous_5)","decl":{"start":{"line":25,"column":24},"end":{"line":25,"column":null}},"loc":{"start":{"line":25,"column":24},"end":{"line":30,"column":null}}},"3":{"name":"useSidebar","decl":{"start":{"line":35,"column":16},"end":{"line":35,"column":26}},"loc":{"start":{"line":35,"column":16},"end":{"line":41,"column":null}}}},"branchMap":{"0":{"loc":{"start":{"line":20,"column":4},"end":{"line":22,"column":null}},"type":"if","locations":[{"start":{"line":20,"column":4},"end":{"line":22,"column":null}}]},"1":{"loc":{"start":{"line":37,"column":2},"end":{"line":39,"column":null}},"type":"if","locations":[{"start":{"line":37,"column":2},"end":{"line":39,"column":null}}]}},"s":{"0":0,"1":0,"2":0,"3":0,"4":0,"5":0,"6":0,"7":0,"8":0,"9":0,"10":0,"11":0,"12":0,"13":0,"14":0,"15":0,"16":0},"f":{"0":0,"1":0,"2":0,"3":0},"b":{"0":[0],"1":[0]}}
,"/Users/dustinjasmin/eth-1/context/transaction-context.tsx": {"path":"/Users/dustinjasmin/eth-1/context/transaction-context.tsx","statementMap":{"0":{"start":{"line":36,"column":16},"end":{"line":36,"column":35}},"1":{"start":{"line":296,"column":16},"end":{"line":296,"column":30}},"2":{"start":{"line":4,"column":52},"end":{"line":4,"column":null}},"3":{"start":{"line":5,"column":25},"end":{"line":5,"column":null}},"4":{"start":{"line":6,"column":24},"end":{"line":6,"column":null}},"5":{"start":{"line":7,"column":32},"end":{"line":7,"column":null}},"6":{"start":{"line":34,"column":27},"end":{"line":34,"column":null}},"7":{"start":{"line":37,"column":19},"end":{"line":37,"column":null}},"8":{"start":{"line":38,"column":23},"end":{"line":38,"column":34}},"9":{"start":{"line":39,"column":32},"end":{"line":39,"column":null}},"10":{"start":{"line":40,"column":28},"end":{"line":40,"column":null}},"11":{"start":{"line":41,"column":42},"end":{"line":41,"column":null}},"12":{"start":{"line":42,"column":54},"end":{"line":42,"column":null}},"13":{"start":{"line":44,"column":28},"end":{"line":67,"column":null}},"14":{"start":{"line":45,"column":4},"end":{"line":48,"column":null}},"15":{"start":{"line":46,"column":6},"end":{"line":46,"column":null}},"16":{"start":{"line":47,"column":6},"end":{"line":47,"column":null}},"17":{"start":{"line":50,"column":4},"end":{"line":50,"column":null}},"18":{"start":{"line":51,"column":4},"end":{"line":51,"column":null}},"19":{"start":{"line":53,"column":4},"end":{"line":66,"column":null}},"20":{"start":{"line":54,"column":20},"end":{"line":54,"column":null}},"21":{"start":{"line":55,"column":19},"end":{"line":55,"column":null}},"22":{"start":{"line":56,"column":6},"end":{"line":56,"column":null}},"23":{"start":{"line":58,"column":6},"end":{"line":58,"column":null}},"24":{"start":{"line":59,"column":6},"end":{"line":63,"column":null}},"25":{"start":{"line":65,"column":6},"end":{"line":65,"column":null}},"26":{"start":{"line":69,"column":27},"end":{"line":92,"column":null}},"27":{"start":{"line":70,"column":4},"end":{"line":73,"column":null}},"28":{"start":{"line":71,"column":6},"end":{"line":71,"column":null}},"29":{"start":{"line":72,"column":6},"end":{"line":72,"column":null}},"30":{"start":{"line":75,"column":4},"end":{"line":75,"column":null}},"31":{"start":{"line":76,"column":4},"end":{"line":76,"column":null}},"32":{"start":{"line":78,"column":4},"end":{"line":91,"column":null}},"33":{"start":{"line":79,"column":20},"end":{"line":79,"column":null}},"34":{"start":{"line":80,"column":19},"end":{"line":80,"column":null}},"35":{"start":{"line":81,"column":6},"end":{"line":81,"column":null}},"36":{"start":{"line":83,"column":6},"end":{"line":83,"column":null}},"37":{"start":{"line":84,"column":6},"end":{"line":88,"column":null}},"38":{"start":{"line":90,"column":6},"end":{"line":90,"column":null}},"39":{"start":{"line":94,"column":28},"end":{"line":127,"column":null}},"40":{"start":{"line":95,"column":4},"end":{"line":98,"column":null}},"41":{"start":{"line":96,"column":6},"end":{"line":96,"column":null}},"42":{"start":{"line":97,"column":6},"end":{"line":97,"column":null}},"43":{"start":{"line":100,"column":4},"end":{"line":100,"column":null}},"44":{"start":{"line":101,"column":4},"end":{"line":101,"column":null}},"45":{"start":{"line":103,"column":4},"end":{"line":126,"column":null}},"46":{"start":{"line":104,"column":20},"end":{"line":104,"column":null}},"47":{"start":{"line":105,"column":21},"end":{"line":105,"column":null}},"48":{"start":{"line":108,"column":6},"end":{"line":108,"column":null}},"49":{"start":{"line":110,"column":6},"end":{"line":113,"column":null}},"50":{"start":{"line":115,"column":6},"end":{"line":115,"column":null}},"51":{"start":{"line":117,"column":6},"end":{"line":117,"column":null}},"52":{"start":{"line":118,"column":6},"end":{"line":122,"column":null}},"53":{"start":{"line":123,"column":6},"end":{"line":123,"column":null}},"54":{"start":{"line":125,"column":6},"end":{"line":125,"column":null}},"55":{"start":{"line":129,"column":32},"end":{"line":164,"column":null}},"56":{"start":{"line":135,"column":4},"end":{"line":138,"column":null}},"57":{"start":{"line":136,"column":6},"end":{"line":136,"column":null}},"58":{"start":{"line":137,"column":6},"end":{"line":137,"column":null}},"59":{"start":{"line":140,"column":4},"end":{"line":140,"column":null}},"60":{"start":{"line":141,"column":4},"end":{"line":141,"column":null}},"61":{"start":{"line":143,"column":4},"end":{"line":163,"column":null}},"62":{"start":{"line":144,"column":20},"end":{"line":144,"column":null}},"63":{"start":{"line":145,"column":6},"end":{"line":145,"column":null}},"64":{"start":{"line":148,"column":6},"end":{"line":148,"column":null}},"65":{"start":{"line":150,"column":6},"end":{"line":153,"column":null}},"66":{"start":{"line":155,"column":6},"end":{"line":155,"column":null}},"67":{"start":{"line":156,"column":6},"end":{"line":160,"column":null}},"68":{"start":{"line":162,"column":6},"end":{"line":162,"column":null}},"69":{"start":{"line":166,"column":32},"end":{"line":209,"column":null}},"70":{"start":{"line":173,"column":4},"end":{"line":176,"column":null}},"71":{"start":{"line":174,"column":6},"end":{"line":174,"column":null}},"72":{"start":{"line":175,"column":6},"end":{"line":175,"column":null}},"73":{"start":{"line":178,"column":4},"end":{"line":178,"column":null}},"74":{"start":{"line":179,"column":4},"end":{"line":179,"column":null}},"75":{"start":{"line":181,"column":4},"end":{"line":208,"column":null}},"76":{"start":{"line":182,"column":20},"end":{"line":182,"column":null}},"77":{"start":{"line":183,"column":6},"end":{"line":189,"column":null}},"78":{"start":{"line":193,"column":6},"end":{"line":193,"column":null}},"79":{"start":{"line":195,"column":6},"end":{"line":198,"column":null}},"80":{"start":{"line":200,"column":6},"end":{"line":200,"column":null}},"81":{"start":{"line":201,"column":6},"end":{"line":205,"column":null}},"82":{"start":{"line":207,"column":6},"end":{"line":207,"column":null}},"83":{"start":{"line":211,"column":29},"end":{"line":241,"column":null}},"84":{"start":{"line":212,"column":4},"end":{"line":215,"column":null}},"85":{"start":{"line":213,"column":6},"end":{"line":213,"column":null}},"86":{"start":{"line":214,"column":6},"end":{"line":214,"column":null}},"87":{"start":{"line":217,"column":4},"end":{"line":217,"column":null}},"88":{"start":{"line":218,"column":4},"end":{"line":218,"column":null}},"89":{"start":{"line":220,"column":4},"end":{"line":240,"column":null}},"90":{"start":{"line":221,"column":20},"end":{"line":221,"column":null}},"91":{"start":{"line":222,"column":6},"end":{"line":222,"column":null}},"92":{"start":{"line":225,"column":6},"end":{"line":225,"column":null}},"93":{"start":{"line":227,"column":6},"end":{"line":230,"column":null}},"94":{"start":{"line":232,"column":6},"end":{"line":232,"column":null}},"95":{"start":{"line":233,"column":6},"end":{"line":237,"column":null}},"96":{"start":{"line":239,"column":6},"end":{"line":239,"column":null}},"97":{"start":{"line":243,"column":23},"end":{"line":273,"column":null}},"98":{"start":{"line":244,"column":4},"end":{"line":247,"column":null}},"99":{"start":{"line":245,"column":6},"end":{"line":245,"column":null}},"100":{"start":{"line":246,"column":6},"end":{"line":246,"column":null}},"101":{"start":{"line":249,"column":4},"end":{"line":249,"column":null}},"102":{"start":{"line":250,"column":4},"end":{"line":250,"column":null}},"103":{"start":{"line":252,"column":4},"end":{"line":272,"column":null}},"104":{"start":{"line":253,"column":20},"end":{"line":253,"column":null}},"105":{"start":{"line":254,"column":6},"end":{"line":254,"column":null}},"106":{"start":{"line":257,"column":6},"end":{"line":257,"column":null}},"107":{"start":{"line":259,"column":6},"end":{"line":262,"column":null}},"108":{"start":{"line":264,"column":6},"end":{"line":264,"column":null}},"109":{"start":{"line":265,"column":6},"end":{"line":269,"column":null}},"110":{"start":{"line":271,"column":6},"end":{"line":271,"column":null}},"111":{"start":{"line":297,"column":18},"end":{"line":297,"column":null}},"112":{"start":{"line":298,"column":2},"end":{"line":300,"column":null}},"113":{"start":{"line":299,"column":4},"end":{"line":299,"column":null}},"114":{"start":{"line":301,"column":2},"end":{"line":301,"column":null}}},"fnMap":{"0":{"name":"TransactionProvider","decl":{"start":{"line":36,"column":16},"end":{"line":36,"column":35}},"loc":{"start":{"line":36,"column":79},"end":{"line":294,"column":null}}},"1":{"name":"(anonymous_7)","decl":{"start":{"line":44,"column":28},"end":{"line":44,"column":null}},"loc":{"start":{"line":44,"column":28},"end":{"line":67,"column":null}}},"2":{"name":"(anonymous_8)","decl":{"start":{"line":69,"column":27},"end":{"line":69,"column":34}},"loc":{"start":{"line":69,"column":34},"end":{"line":92,"column":null}}},"3":{"name":"(anonymous_9)","decl":{"start":{"line":94,"column":28},"end":{"line":94,"column":35}},"loc":{"start":{"line":94,"column":35},"end":{"line":127,"column":null}}},"4":{"name":"(anonymous_10)","decl":{"start":{"line":129,"column":32},"end":{"line":129,"column":null}},"loc":{"start":{"line":133,"column":4},"end":{"line":164,"column":null}}},"5":{"name":"(anonymous_11)","decl":{"start":{"line":166,"column":32},"end":{"line":166,"column":null}},"loc":{"start":{"line":171,"column":4},"end":{"line":209,"column":null}}},"6":{"name":"(anonymous_12)","decl":{"start":{"line":211,"column":29},"end":{"line":211,"column":36}},"loc":{"start":{"line":211,"column":59},"end":{"line":241,"column":null}}},"7":{"name":"(anonymous_13)","decl":{"start":{"line":243,"column":23},"end":{"line":243,"column":30}},"loc":{"start":{"line":243,"column":88},"end":{"line":273,"column":null}}},"8":{"name":"useTransaction","decl":{"start":{"line":296,"column":16},"end":{"line":296,"column":30}},"loc":{"start":{"line":296,"column":16},"end":{"line":302,"column":null}}}},"branchMap":{"0":{"loc":{"start":{"line":45,"column":4},"end":{"line":48,"column":null}},"type":"if","locations":[{"start":{"line":45,"column":4},"end":{"line":48,"column":null}}]},"1":{"loc":{"start":{"line":58,"column":15},"end":{"line":58,"column":null}},"type":"binary-expr","locations":[{"start":{"line":58,"column":15},"end":{"line":58,"column":26}},{"start":{"line":58,"column":30},"end":{"line":58,"column":null}}]},"2":{"loc":{"start":{"line":61,"column":21},"end":{"line":61,"column":null}},"type":"binary-expr","locations":[{"start":{"line":61,"column":21},"end":{"line":61,"column":32}},{"start":{"line":61,"column":36},"end":{"line":61,"column":null}}]},"3":{"loc":{"start":{"line":70,"column":4},"end":{"line":73,"column":null}},"type":"if","locations":[{"start":{"line":70,"column":4},"end":{"line":73,"column":null}}]},"4":{"loc":{"start":{"line":83,"column":15},"end":{"line":83,"column":null}},"type":"binary-expr","locations":[{"start":{"line":83,"column":15},"end":{"line":83,"column":26}},{"start":{"line":83,"column":30},"end":{"line":83,"column":null}}]},"5":{"loc":{"start":{"line":86,"column":21},"end":{"line":86,"column":null}},"type":"binary-expr","locations":[{"start":{"line":86,"column":21},"end":{"line":86,"column":32}},{"start":{"line":86,"column":36},"end":{"line":86,"column":null}}]},"6":{"loc":{"start":{"line":95,"column":4},"end":{"line":98,"column":null}},"type":"if","locations":[{"start":{"line":95,"column":4},"end":{"line":98,"column":null}}]},"7":{"loc":{"start":{"line":117,"column":15},"end":{"line":117,"column":null}},"type":"binary-expr","locations":[{"start":{"line":117,"column":15},"end":{"line":117,"column":26}},{"start":{"line":117,"column":30},"end":{"line":117,"column":null}}]},"8":{"loc":{"start":{"line":120,"column":21},"end":{"line":120,"column":null}},"type":"binary-expr","locations":[{"start":{"line":120,"column":21},"end":{"line":120,"column":32}},{"start":{"line":120,"column":36},"end":{"line":120,"column":null}}]},"9":{"loc":{"start":{"line":135,"column":4},"end":{"line":138,"column":null}},"type":"if","locations":[{"start":{"line":135,"column":4},"end":{"line":138,"column":null}}]},"10":{"loc":{"start":{"line":155,"column":15},"end":{"line":155,"column":null}},"type":"binary-expr","locations":[{"start":{"line":155,"column":15},"end":{"line":155,"column":26}},{"start":{"line":155,"column":30},"end":{"line":155,"column":null}}]},"11":{"loc":{"start":{"line":158,"column":21},"end":{"line":158,"column":null}},"type":"binary-expr","locations":[{"start":{"line":158,"column":21},"end":{"line":158,"column":32}},{"start":{"line":158,"column":36},"end":{"line":158,"column":null}}]},"12":{"loc":{"start":{"line":173,"column":4},"end":{"line":176,"column":null}},"type":"if","locations":[{"start":{"line":173,"column":4},"end":{"line":176,"column":null}}]},"13":{"loc":{"start":{"line":200,"column":15},"end":{"line":200,"column":null}},"type":"binary-expr","locations":[{"start":{"line":200,"column":15},"end":{"line":200,"column":26}},{"start":{"line":200,"column":30},"end":{"line":200,"column":null}}]},"14":{"loc":{"start":{"line":203,"column":21},"end":{"line":203,"column":null}},"type":"binary-expr","locations":[{"start":{"line":203,"column":21},"end":{"line":203,"column":32}},{"start":{"line":203,"column":36},"end":{"line":203,"column":null}}]},"15":{"loc":{"start":{"line":212,"column":4},"end":{"line":215,"column":null}},"type":"if","locations":[{"start":{"line":212,"column":4},"end":{"line":215,"column":null}}]},"16":{"loc":{"start":{"line":232,"column":15},"end":{"line":232,"column":null}},"type":"binary-expr","locations":[{"start":{"line":232,"column":15},"end":{"line":232,"column":26}},{"start":{"line":232,"column":30},"end":{"line":232,"column":null}}]},"17":{"loc":{"start":{"line":235,"column":21},"end":{"line":235,"column":null}},"type":"binary-expr","locations":[{"start":{"line":235,"column":21},"end":{"line":235,"column":32}},{"start":{"line":235,"column":36},"end":{"line":235,"column":null}}]},"18":{"loc":{"start":{"line":244,"column":4},"end":{"line":247,"column":null}},"type":"if","locations":[{"start":{"line":244,"column":4},"end":{"line":247,"column":null}}]},"19":{"loc":{"start":{"line":264,"column":15},"end":{"line":264,"column":null}},"type":"binary-expr","locations":[{"start":{"line":264,"column":15},"end":{"line":264,"column":26}},{"start":{"line":264,"column":30},"end":{"line":264,"column":null}}]},"20":{"loc":{"start":{"line":267,"column":21},"end":{"line":267,"column":null}},"type":"binary-expr","locations":[{"start":{"line":267,"column":21},"end":{"line":267,"column":32}},{"start":{"line":267,"column":36},"end":{"line":267,"column":null}}]},"21":{"loc":{"start":{"line":298,"column":2},"end":{"line":300,"column":null}},"type":"if","locations":[{"start":{"line":298,"column":2},"end":{"line":300,"column":null}}]}},"s":{"0":0,"1":0,"2":0,"3":0,"4":0,"5":0,"6":0,"7":0,"8":0,"9":0,"10":0,"11":0,"12":0,"13":0,"14":0,"15":0,"16":0,"17":0,"18":0,"19":0,"20":0,"21":0,"22":0,"23":0,"24":0,"25":0,"26":0,"27":0,"28":0,"29":0,"30":0,"31":0,"32":0,"33":0,"34":0,"35":0,"36":0,"37":0,"38":0,"39":0,"40":0,"41":0,"42":0,"43":0,"44":0,"45":0,"46":0,"47":0,"48":0,"49":0,"50":0,"51":0,"52":0,"53":0,"54":0,"55":0,"56":0,"57":0,"58":0,"59":0,"60":0,"61":0,"62":0,"63":0,"64":0,"65":0,"66":0,"67":0,"68":0,"69":0,"70":0,"71":0,"72":0,"73":0,"74":0,"75":0,"76":0,"77":0,"78":0,"79":0,"80":0,"81":0,"82":0,"83":0,"84":0,"85":0,"86":0,"87":0,"88":0,"89":0,"90":0,"91":0,"92":0,"93":0,"94":0,"95":0,"96":0,"97":0,"98":0,"99":0,"100":0,"101":0,"102":0,"103":0,"104":0,"105":0,"106":0,"107":0,"108":0,"109":0,"110":0,"111":0,"112":0,"113":0,"114":0},"f":{"0":0,"1":0,"2":0,"3":0,"4":0,"5":0,"6":0,"7":0,"8":0},"b":{"0":[0],"1":[0,0],"2":[0,0],"3":[0],"4":[0,0],"5":[0,0],"6":[0],"7":[0,0],"8":[0,0],"9":[0],"10":[0,0],"11":[0,0],"12":[0],"13":[0,0],"14":[0,0],"15":[0],"16":[0,0],"17":[0,0],"18":[0],"19":[0,0],"20":[0,0],"21":[0]}}
,"/Users/dustinjasmin/eth-1/context/wallet-context.tsx": {"path":"/Users/dustinjasmin/eth-1/context/wallet-context.tsx","statementMap":{"0":{"start":{"line":71,"column":16},"end":{"line":71,"column":30}},"1":{"start":{"line":622,"column":16},"end":{"line":622,"column":25}},"2":{"start":{"line":3,"column":92},"end":{"line":3,"column":null}},"3":{"start":{"line":13,"column":39},"end":{"line":13,"column":null}},"4":{"start":{"line":14,"column":26},"end":{"line":14,"column":null}},"5":{"start":{"line":15,"column":23},"end":{"line":15,"column":null}},"6":{"start":{"line":49,"column":22},"end":{"line":69,"column":null}},"7":{"start":{"line":60,"column":30},"end":{"line":60,"column":null}},"8":{"start":{"line":61,"column":36},"end":{"line":61,"column":null}},"9":{"start":{"line":62,"column":37},"end":{"line":62,"column":null}},"10":{"start":{"line":65,"column":26},"end":{"line":65,"column":null}},"11":{"start":{"line":66,"column":31},"end":{"line":66,"column":33}},"12":{"start":{"line":72,"column":46},"end":{"line":72,"column":null}},"13":{"start":{"line":73,"column":46},"end":{"line":73,"column":null}},"14":{"start":{"line":74,"column":40},"end":{"line":74,"column":null}},"15":{"start":{"line":75,"column":42},"end":{"line":75,"column":null}},"16":{"start":{"line":76,"column":28},"end":{"line":76,"column":null}},"17":{"start":{"line":77,"column":50},"end":{"line":77,"column":null}},"18":{"start":{"line":80,"column":48},"end":{"line":84,"column":null}},"19":{"start":{"line":87,"column":2},"end":{"line":89,"column":null}},"20":{"start":{"line":88,"column":4},"end":{"line":88,"column":null}},"21":{"start":{"line":92,"column":2},"end":{"line":94,"column":null}},"22":{"start":{"line":93,"column":4},"end":{"line":93,"column":null}},"23":{"start":{"line":96,"column":28},"end":{"line":143,"column":null}},"24":{"start":{"line":97,"column":4},"end":{"line":142,"column":null}},"25":{"start":{"line":99,"column":27},"end":{"line":99,"column":null}},"26":{"start":{"line":100,"column":6},"end":{"line":126,"column":null}},"27":{"start":{"line":101,"column":30},"end":{"line":101,"column":null}},"28":{"start":{"line":102,"column":8},"end":{"line":102,"column":null}},"29":{"start":{"line":103,"column":8},"end":{"line":103,"column":null}},"30":{"start":{"line":106,"column":30},"end":{"line":106,"column":null}},"31":{"start":{"line":106,"column":61},"end":{"line":106,"column":77}},"32":{"start":{"line":107,"column":8},"end":{"line":125,"column":null}},"33":{"start":{"line":108,"column":10},"end":{"line":108,"column":null}},"34":{"start":{"line":109,"column":10},"end":{"line":109,"column":null}},"35":{"start":{"line":110,"column":10},"end":{"line":110,"column":null}},"36":{"start":{"line":111,"column":15},"end":{"line":125,"column":null}},"37":{"start":{"line":113,"column":30},"end":{"line":113,"column":46}},"38":{"start":{"line":114,"column":10},"end":{"line":114,"column":null}},"39":{"start":{"line":115,"column":10},"end":{"line":115,"column":null}},"40":{"start":{"line":116,"column":10},"end":{"line":116,"column":null}},"41":{"start":{"line":119,"column":33},"end":{"line":122,"column":null}},"42":{"start":{"line":119,"column":71},"end":{"line":122,"column":null}},"43":{"start":{"line":123,"column":10},"end":{"line":123,"column":null}},"44":{"start":{"line":124,"column":10},"end":{"line":124,"column":null}},"45":{"start":{"line":129,"column":6},"end":{"line":138,"column":null}},"46":{"start":{"line":130,"column":31},"end":{"line":130,"column":null}},"47":{"start":{"line":131,"column":8},"end":{"line":135,"column":null}},"48":{"start":{"line":132,"column":10},"end":{"line":132,"column":null}},"49":{"start":{"line":133,"column":10},"end":{"line":133,"column":null}},"50":{"start":{"line":134,"column":10},"end":{"line":134,"column":null}},"51":{"start":{"line":137,"column":8},"end":{"line":137,"column":null}},"52":{"start":{"line":140,"column":6},"end":{"line":140,"column":null}},"53":{"start":{"line":141,"column":6},"end":{"line":141,"column":null}},"54":{"start":{"line":145,"column":33},"end":{"line":163,"column":null}},"55":{"start":{"line":146,"column":4},"end":{"line":162,"column":null}},"56":{"start":{"line":147,"column":6},"end":{"line":147,"column":null}},"57":{"start":{"line":148,"column":23},"end":{"line":148,"column":null}},"58":{"start":{"line":149,"column":6},"end":{"line":149,"column":null}},"59":{"start":{"line":150,"column":6},"end":{"line":150,"column":null}},"60":{"start":{"line":153,"column":6},"end":{"line":158,"column":null}},"61":{"start":{"line":154,"column":8},"end":{"line":154,"column":null}},"62":{"start":{"line":155,"column":8},"end":{"line":155,"column":null}},"63":{"start":{"line":157,"column":8},"end":{"line":157,"column":null}},"64":{"start":{"line":160,"column":6},"end":{"line":160,"column":null}},"65":{"start":{"line":161,"column":6},"end":{"line":161,"column":null}},"66":{"start":{"line":166,"column":24},"end":{"line":235,"column":null}},"67":{"start":{"line":167,"column":4},"end":{"line":234,"column":null}},"68":{"start":{"line":168,"column":6},"end":{"line":168,"column":null}},"69":{"start":{"line":169,"column":6},"end":{"line":169,"column":null}},"70":{"start":{"line":172,"column":23},"end":{"line":175,"column":null}},"71":{"start":{"line":177,"column":6},"end":{"line":179,"column":null}},"72":{"start":{"line":178,"column":8},"end":{"line":178,"column":null}},"73":{"start":{"line":181,"column":25},"end":{"line":181,"column":36}},"74":{"start":{"line":182,"column":6},"end":{"line":182,"column":null}},"75":{"start":{"line":185,"column":28},"end":{"line":185,"column":null}},"76":{"start":{"line":186,"column":6},"end":{"line":189,"column":null}},"77":{"start":{"line":187,"column":33},"end":{"line":187,"column":null}},"78":{"start":{"line":187,"column":70},"end":{"line":187,"column":null}},"79":{"start":{"line":188,"column":8},"end":{"line":188,"column":null}},"80":{"start":{"line":192,"column":41},"end":{"line":199,"column":null}},"81":{"start":{"line":198,"column":51},"end":{"line":198,"column":77}},"82":{"start":{"line":202,"column":6},"end":{"line":207,"column":null}},"83":{"start":{"line":203,"column":24},"end":{"line":203,"column":null}},"84":{"start":{"line":204,"column":8},"end":{"line":204,"column":null}},"85":{"start":{"line":206,"column":8},"end":{"line":206,"column":null}},"86":{"start":{"line":210,"column":29},"end":{"line":210,"column":null}},"87":{"start":{"line":211,"column":6},"end":{"line":211,"column":null}},"88":{"start":{"line":212,"column":6},"end":{"line":212,"column":null}},"89":{"start":{"line":213,"column":6},"end":{"line":213,"column":null}},"90":{"start":{"line":214,"column":6},"end":{"line":214,"column":null}},"91":{"start":{"line":217,"column":6},"end":{"line":217,"column":null}},"92":{"start":{"line":220,"column":6},"end":{"line":224,"column":null}},"93":{"start":{"line":221,"column":8},"end":{"line":221,"column":null}},"94":{"start":{"line":223,"column":8},"end":{"line":223,"column":null}},"95":{"start":{"line":226,"column":6},"end":{"line":226,"column":null}},"96":{"start":{"line":227,"column":6},"end":{"line":227,"column":null}},"97":{"start":{"line":229,"column":6},"end":{"line":229,"column":null}},"98":{"start":{"line":230,"column":6},"end":{"line":230,"column":null}},"99":{"start":{"line":231,"column":6},"end":{"line":231,"column":null}},"100":{"start":{"line":233,"column":6},"end":{"line":233,"column":null}},"101":{"start":{"line":238,"column":30},"end":{"line":298,"column":null}},"102":{"start":{"line":239,"column":4},"end":{"line":297,"column":null}},"103":{"start":{"line":240,"column":6},"end":{"line":240,"column":null}},"104":{"start":{"line":241,"column":6},"end":{"line":241,"column":null}},"105":{"start":{"line":244,"column":6},"end":{"line":244,"column":null}},"106":{"start":{"line":246,"column":6},"end":{"line":248,"column":null}},"107":{"start":{"line":247,"column":8},"end":{"line":247,"column":null}},"108":{"start":{"line":250,"column":22},"end":{"line":250,"column":null}},"109":{"start":{"line":251,"column":6},"end":{"line":251,"column":null}},"110":{"start":{"line":254,"column":41},"end":{"line":262,"column":null}},"111":{"start":{"line":265,"column":6},"end":{"line":270,"column":null}},"112":{"start":{"line":266,"column":24},"end":{"line":266,"column":null}},"113":{"start":{"line":267,"column":8},"end":{"line":267,"column":null}},"114":{"start":{"line":269,"column":8},"end":{"line":269,"column":null}},"115":{"start":{"line":273,"column":29},"end":{"line":273,"column":null}},"116":{"start":{"line":274,"column":6},"end":{"line":274,"column":null}},"117":{"start":{"line":275,"column":6},"end":{"line":275,"column":null}},"118":{"start":{"line":276,"column":6},"end":{"line":276,"column":null}},"119":{"start":{"line":277,"column":6},"end":{"line":277,"column":null}},"120":{"start":{"line":280,"column":6},"end":{"line":280,"column":null}},"121":{"start":{"line":283,"column":6},"end":{"line":287,"column":null}},"122":{"start":{"line":284,"column":8},"end":{"line":284,"column":null}},"123":{"start":{"line":286,"column":8},"end":{"line":286,"column":null}},"124":{"start":{"line":289,"column":6},"end":{"line":289,"column":null}},"125":{"start":{"line":290,"column":6},"end":{"line":290,"column":null}},"126":{"start":{"line":292,"column":6},"end":{"line":292,"column":null}},"127":{"start":{"line":293,"column":6},"end":{"line":293,"column":null}},"128":{"start":{"line":294,"column":6},"end":{"line":294,"column":null}},"129":{"start":{"line":296,"column":6},"end":{"line":296,"column":null}},"130":{"start":{"line":301,"column":31},"end":{"line":356,"column":null}},"131":{"start":{"line":302,"column":4},"end":{"line":355,"column":null}},"132":{"start":{"line":303,"column":6},"end":{"line":303,"column":null}},"133":{"start":{"line":304,"column":6},"end":{"line":304,"column":null}},"134":{"start":{"line":307,"column":24},"end":{"line":307,"column":null}},"135":{"start":{"line":309,"column":6},"end":{"line":311,"column":null}},"136":{"start":{"line":310,"column":8},"end":{"line":310,"column":null}},"137":{"start":{"line":313,"column":22},"end":{"line":313,"column":34}},"138":{"start":{"line":314,"column":6},"end":{"line":314,"column":null}},"139":{"start":{"line":317,"column":41},"end":{"line":324,"column":null}},"140":{"start":{"line":328,"column":6},"end":{"line":328,"column":null}},"141":{"start":{"line":331,"column":29},"end":{"line":331,"column":null}},"142":{"start":{"line":332,"column":6},"end":{"line":332,"column":null}},"143":{"start":{"line":333,"column":6},"end":{"line":333,"column":null}},"144":{"start":{"line":334,"column":6},"end":{"line":334,"column":null}},"145":{"start":{"line":335,"column":6},"end":{"line":335,"column":null}},"146":{"start":{"line":338,"column":6},"end":{"line":338,"column":null}},"147":{"start":{"line":341,"column":6},"end":{"line":345,"column":null}},"148":{"start":{"line":342,"column":8},"end":{"line":342,"column":null}},"149":{"start":{"line":344,"column":8},"end":{"line":344,"column":null}},"150":{"start":{"line":347,"column":6},"end":{"line":347,"column":null}},"151":{"start":{"line":348,"column":6},"end":{"line":348,"column":null}},"152":{"start":{"line":350,"column":6},"end":{"line":350,"column":null}},"153":{"start":{"line":351,"column":6},"end":{"line":351,"column":null}},"154":{"start":{"line":352,"column":6},"end":{"line":352,"column":null}},"155":{"start":{"line":354,"column":6},"end":{"line":354,"column":null}},"156":{"start":{"line":359,"column":33},"end":{"line":375,"column":null}},"157":{"start":{"line":360,"column":32},"end":{"line":363,"column":null}},"158":{"start":{"line":362,"column":8},"end":{"line":363,"column":44}},"159":{"start":{"line":366,"column":4},"end":{"line":374,"column":null}},"160":{"start":{"line":368,"column":22},"end":{"line":368,"column":null}},"161":{"start":{"line":369,"column":6},"end":{"line":369,"column":null}},"162":{"start":{"line":370,"column":6},"end":{"line":370,"column":null}},"163":{"start":{"line":373,"column":6},"end":{"line":373,"column":null}},"164":{"start":{"line":378,"column":27},"end":{"line":447,"column":null}},"165":{"start":{"line":379,"column":4},"end":{"line":446,"column":null}},"166":{"start":{"line":381,"column":33},"end":{"line":382,"column":null}},"167":{"start":{"line":382,"column":13},"end":{"line":382,"column":null}},"168":{"start":{"line":385,"column":6},"end":{"line":394,"column":null}},"169":{"start":{"line":387,"column":8},"end":{"line":393,"column":null}},"170":{"start":{"line":388,"column":10},"end":{"line":392,"column":null}},"171":{"start":{"line":389,"column":12},"end":{"line":389,"column":null}},"172":{"start":{"line":391,"column":12},"end":{"line":391,"column":null}},"173":{"start":{"line":397,"column":29},"end":{"line":399,"column":null}},"174":{"start":{"line":399,"column":10},"end":{"line":399,"column":null}},"175":{"start":{"line":403,"column":6},"end":{"line":403,"column":null}},"176":{"start":{"line":406,"column":6},"end":{"line":430,"column":null}},"177":{"start":{"line":407,"column":8},"end":{"line":429,"column":null}},"178":{"start":{"line":409,"column":32},"end":{"line":409,"column":null}},"179":{"start":{"line":409,"column":64},"end":{"line":409,"column":80}},"180":{"start":{"line":410,"column":10},"end":{"line":424,"column":null}},"181":{"start":{"line":411,"column":12},"end":{"line":411,"column":null}},"182":{"start":{"line":412,"column":12},"end":{"line":412,"column":null}},"183":{"start":{"line":415,"column":32},"end":{"line":415,"column":49}},"184":{"start":{"line":416,"column":39},"end":{"line":419,"column":null}},"185":{"start":{"line":416,"column":78},"end":{"line":419,"column":null}},"186":{"start":{"line":420,"column":12},"end":{"line":420,"column":null}},"187":{"start":{"line":421,"column":12},"end":{"line":421,"column":null}},"188":{"start":{"line":422,"column":12},"end":{"line":422,"column":null}},"189":{"start":{"line":423,"column":12},"end":{"line":423,"column":null}},"190":{"start":{"line":426,"column":10},"end":{"line":426,"column":null}},"191":{"start":{"line":427,"column":10},"end":{"line":427,"column":null}},"192":{"start":{"line":428,"column":10},"end":{"line":428,"column":null}},"193":{"start":{"line":433,"column":6},"end":{"line":433,"column":null}},"194":{"start":{"line":436,"column":6},"end":{"line":440,"column":null}},"195":{"start":{"line":437,"column":8},"end":{"line":437,"column":null}},"196":{"start":{"line":439,"column":8},"end":{"line":439,"column":null}},"197":{"start":{"line":442,"column":6},"end":{"line":442,"column":null}},"198":{"start":{"line":444,"column":6},"end":{"line":444,"column":null}},"199":{"start":{"line":445,"column":6},"end":{"line":445,"column":null}},"200":{"start":{"line":450,"column":27},"end":{"line":476,"column":null}},"201":{"start":{"line":451,"column":4},"end":{"line":475,"column":null}},"202":{"start":{"line":452,"column":29},"end":{"line":455,"column":null}},"203":{"start":{"line":452,"column":63},"end":{"line":455,"column":null}},"204":{"start":{"line":457,"column":6},"end":{"line":457,"column":null}},"205":{"start":{"line":458,"column":6},"end":{"line":458,"column":null}},"206":{"start":{"line":459,"column":6},"end":{"line":459,"column":null}},"207":{"start":{"line":462,"column":6},"end":{"line":462,"column":null}},"208":{"start":{"line":465,"column":6},"end":{"line":469,"column":null}},"209":{"start":{"line":466,"column":8},"end":{"line":466,"column":null}},"210":{"start":{"line":468,"column":8},"end":{"line":468,"column":null}},"211":{"start":{"line":471,"column":6},"end":{"line":471,"column":null}},"212":{"start":{"line":473,"column":6},"end":{"line":473,"column":null}},"213":{"start":{"line":474,"column":6},"end":{"line":474,"column":null}},"214":{"start":{"line":479,"column":21},"end":{"line":522,"column":null}},"215":{"start":{"line":480,"column":4},"end":{"line":521,"column":null}},"216":{"start":{"line":482,"column":21},"end":{"line":483,"column":null}},"217":{"start":{"line":483,"column":15},"end":{"line":483,"column":null}},"218":{"start":{"line":486,"column":6},"end":{"line":509,"column":null}},"219":{"start":{"line":488,"column":8},"end":{"line":496,"column":null}},"220":{"start":{"line":489,"column":29},"end":{"line":492,"column":null}},"221":{"start":{"line":493,"column":31},"end":{"line":493,"column":null}},"222":{"start":{"line":494,"column":31},"end":{"line":494,"column":null}},"223":{"start":{"line":495,"column":10},"end":{"line":495,"column":null}},"224":{"start":{"line":497,"column":13},"end":{"line":509,"column":null}},"225":{"start":{"line":500,"column":8},"end":{"line":502,"column":null}},"226":{"start":{"line":501,"column":10},"end":{"line":501,"column":null}},"227":{"start":{"line":503,"column":13},"end":{"line":509,"column":null}},"228":{"start":{"line":506,"column":8},"end":{"line":508,"column":null}},"229":{"start":{"line":507,"column":10},"end":{"line":507,"column":null}},"230":{"start":{"line":511,"column":6},"end":{"line":511,"column":null}},"231":{"start":{"line":513,"column":6},"end":{"line":513,"column":null}},"232":{"start":{"line":516,"column":6},"end":{"line":518,"column":null}},"233":{"start":{"line":517,"column":8},"end":{"line":517,"column":null}},"234":{"start":{"line":520,"column":6},"end":{"line":520,"column":null}},"235":{"start":{"line":525,"column":26},"end":{"line":553,"column":null}},"236":{"start":{"line":526,"column":4},"end":{"line":552,"column":null}},"237":{"start":{"line":529,"column":6},"end":{"line":548,"column":null}},"238":{"start":{"line":550,"column":6},"end":{"line":550,"column":null}},"239":{"start":{"line":551,"column":6},"end":{"line":551,"column":null}},"240":{"start":{"line":556,"column":24},"end":{"line":571,"column":null}},"241":{"start":{"line":557,"column":4},"end":{"line":570,"column":null}},"242":{"start":{"line":558,"column":28},"end":{"line":558,"column":null}},"243":{"start":{"line":558,"column":55},"end":{"line":558,"column":null}},"244":{"start":{"line":559,"column":6},"end":{"line":561,"column":null}},"245":{"start":{"line":560,"column":8},"end":{"line":560,"column":null}},"246":{"start":{"line":565,"column":6},"end":{"line":565,"column":null}},"247":{"start":{"line":566,"column":6},"end":{"line":566,"column":null}},"248":{"start":{"line":568,"column":6},"end":{"line":568,"column":null}},"249":{"start":{"line":569,"column":6},"end":{"line":569,"column":null}},"250":{"start":{"line":574,"column":32},"end":{"line":590,"column":null}},"251":{"start":{"line":575,"column":4},"end":{"line":575,"column":null}},"252":{"start":{"line":575,"column":29},"end":{"line":575,"column":null}},"253":{"start":{"line":576,"column":4},"end":{"line":576,"column":null}},"254":{"start":{"line":576,"column":35},"end":{"line":576,"column":null}},"255":{"start":{"line":577,"column":4},"end":{"line":577,"column":null}},"256":{"start":{"line":577,"column":32},"end":{"line":577,"column":null}},"257":{"start":{"line":578,"column":4},"end":{"line":578,"column":null}},"258":{"start":{"line":578,"column":26},"end":{"line":578,"column":null}},"259":{"start":{"line":579,"column":4},"end":{"line":579,"column":null}},"260":{"start":{"line":579,"column":26},"end":{"line":579,"column":null}},"261":{"start":{"line":580,"column":4},"end":{"line":580,"column":null}},"262":{"start":{"line":580,"column":26},"end":{"line":580,"column":null}},"263":{"start":{"line":581,"column":4},"end":{"line":581,"column":null}},"264":{"start":{"line":581,"column":27},"end":{"line":581,"column":null}},"265":{"start":{"line":582,"column":4},"end":{"line":582,"column":null}},"266":{"start":{"line":582,"column":26},"end":{"line":582,"column":null}},"267":{"start":{"line":583,"column":4},"end":{"line":583,"column":null}},"268":{"start":{"line":583,"column":28},"end":{"line":583,"column":null}},"269":{"start":{"line":584,"column":4},"end":{"line":584,"column":null}},"270":{"start":{"line":584,"column":29},"end":{"line":584,"column":null}},"271":{"start":{"line":585,"column":4},"end":{"line":585,"column":null}},"272":{"start":{"line":585,"column":31},"end":{"line":585,"column":null}},"273":{"start":{"line":586,"column":4},"end":{"line":586,"column":null}},"274":{"start":{"line":586,"column":32},"end":{"line":586,"column":null}},"275":{"start":{"line":587,"column":4},"end":{"line":587,"column":null}},"276":{"start":{"line":587,"column":26},"end":{"line":587,"column":null}},"277":{"start":{"line":588,"column":4},"end":{"line":588,"column":null}},"278":{"start":{"line":588,"column":27},"end":{"line":588,"column":null}},"279":{"start":{"line":589,"column":4},"end":{"line":589,"column":null}},"280":{"start":{"line":623,"column":18},"end":{"line":623,"column":null}},"281":{"start":{"line":624,"column":2},"end":{"line":626,"column":null}},"282":{"start":{"line":625,"column":4},"end":{"line":625,"column":null}},"283":{"start":{"line":627,"column":2},"end":{"line":627,"column":null}}},"fnMap":{"0":{"name":"(anonymous_3)","decl":{"start":{"line":60,"column":17},"end":{"line":60,"column":30}},"loc":{"start":{"line":60,"column":30},"end":{"line":60,"column":null}}},"1":{"name":"(anonymous_4)","decl":{"start":{"line":61,"column":23},"end":{"line":61,"column":36}},"loc":{"start":{"line":61,"column":36},"end":{"line":61,"column":null}}},"2":{"name":"(anonymous_5)","decl":{"start":{"line":62,"column":24},"end":{"line":62,"column":37}},"loc":{"start":{"line":62,"column":37},"end":{"line":62,"column":null}}},"3":{"name":"(anonymous_6)","decl":{"start":{"line":63,"column":20},"end":{"line":63,"column":33}},"loc":{"start":{"line":63,"column":20},"end":{"line":63,"column":null}}},"4":{"name":"(anonymous_7)","decl":{"start":{"line":64,"column":20},"end":{"line":64,"column":33}},"loc":{"start":{"line":64,"column":20},"end":{"line":64,"column":null}}},"5":{"name":"(anonymous_8)","decl":{"start":{"line":65,"column":14},"end":{"line":65,"column":26}},"loc":{"start":{"line":65,"column":26},"end":{"line":65,"column":null}}},"6":{"name":"(anonymous_9)","decl":{"start":{"line":66,"column":19},"end":{"line":66,"column":31}},"loc":{"start":{"line":66,"column":31},"end":{"line":66,"column":33}}},"7":{"name":"(anonymous_10)","decl":{"start":{"line":67,"column":17},"end":{"line":67,"column":30}},"loc":{"start":{"line":67,"column":17},"end":{"line":67,"column":null}}},"8":{"name":"(anonymous_11)","decl":{"start":{"line":68,"column":26},"end":{"line":68,"column":39}},"loc":{"start":{"line":68,"column":26},"end":{"line":68,"column":null}}},"9":{"name":"WalletProvider","decl":{"start":{"line":71,"column":16},"end":{"line":71,"column":30}},"loc":{"start":{"line":71,"column":68},"end":{"line":619,"column":null}}},"10":{"name":"(anonymous_13)","decl":{"start":{"line":87,"column":12},"end":{"line":87,"column":null}},"loc":{"start":{"line":87,"column":12},"end":{"line":89,"column":5}}},"11":{"name":"(anonymous_14)","decl":{"start":{"line":92,"column":12},"end":{"line":92,"column":null}},"loc":{"start":{"line":92,"column":12},"end":{"line":94,"column":5}}},"12":{"name":"(anonymous_15)","decl":{"start":{"line":96,"column":28},"end":{"line":96,"column":null}},"loc":{"start":{"line":96,"column":28},"end":{"line":143,"column":null}}},"13":{"name":"(anonymous_16)","decl":{"start":{"line":106,"column":49},"end":{"line":106,"column":50}},"loc":{"start":{"line":106,"column":61},"end":{"line":106,"column":77}}},"14":{"name":"(anonymous_17)","decl":{"start":{"line":119,"column":51},"end":{"line":119,"column":52}},"loc":{"start":{"line":119,"column":71},"end":{"line":122,"column":null}}},"15":{"name":"(anonymous_18)","decl":{"start":{"line":145,"column":45},"end":{"line":145,"column":null}},"loc":{"start":{"line":145,"column":45},"end":{"line":163,"column":5}}},"16":{"name":"(anonymous_19)","decl":{"start":{"line":166,"column":24},"end":{"line":166,"column":31}},"loc":{"start":{"line":166,"column":87},"end":{"line":235,"column":null}}},"17":{"name":"(anonymous_20)","decl":{"start":{"line":187,"column":65},"end":{"line":187,"column":70}},"loc":{"start":{"line":187,"column":70},"end":{"line":187,"column":null}}},"18":{"name":"(anonymous_21)","decl":{"start":{"line":198,"column":46},"end":{"line":198,"column":51}},"loc":{"start":{"line":198,"column":51},"end":{"line":198,"column":77}}},"19":{"name":"(anonymous_22)","decl":{"start":{"line":238,"column":30},"end":{"line":238,"column":37}},"loc":{"start":{"line":238,"column":37},"end":{"line":298,"column":null}}},"20":{"name":"(anonymous_23)","decl":{"start":{"line":301,"column":31},"end":{"line":301,"column":38}},"loc":{"start":{"line":301,"column":38},"end":{"line":356,"column":null}}},"21":{"name":"(anonymous_24)","decl":{"start":{"line":359,"column":33},"end":{"line":359,"column":34}},"loc":{"start":{"line":359,"column":34},"end":{"line":375,"column":null}}},"22":{"name":"(anonymous_25)","decl":{"start":{"line":361,"column":6},"end":{"line":361,"column":7}},"loc":{"start":{"line":362,"column":8},"end":{"line":363,"column":44}}},"23":{"name":"(anonymous_26)","decl":{"start":{"line":378,"column":27},"end":{"line":378,"column":34}},"loc":{"start":{"line":378,"column":51},"end":{"line":447,"column":null}}},"24":{"name":"(anonymous_27)","decl":{"start":{"line":382,"column":8},"end":{"line":382,"column":13}},"loc":{"start":{"line":382,"column":13},"end":{"line":382,"column":null}}},"25":{"name":"(anonymous_28)","decl":{"start":{"line":398,"column":8},"end":{"line":398,"column":9}},"loc":{"start":{"line":399,"column":10},"end":{"line":399,"column":null}}},"26":{"name":"(anonymous_29)","decl":{"start":{"line":409,"column":52},"end":{"line":409,"column":53}},"loc":{"start":{"line":409,"column":64},"end":{"line":409,"column":80}}},"27":{"name":"(anonymous_30)","decl":{"start":{"line":416,"column":58},"end":{"line":416,"column":59}},"loc":{"start":{"line":416,"column":78},"end":{"line":419,"column":null}}},"28":{"name":"(anonymous_31)","decl":{"start":{"line":450,"column":27},"end":{"line":450,"column":34}},"loc":{"start":{"line":450,"column":51},"end":{"line":476,"column":null}}},"29":{"name":"(anonymous_32)","decl":{"start":{"line":452,"column":50},"end":{"line":452,"column":51}},"loc":{"start":{"line":452,"column":63},"end":{"line":455,"column":null}}},"30":{"name":"(anonymous_33)","decl":{"start":{"line":479,"column":21},"end":{"line":479,"column":28}},"loc":{"start":{"line":479,"column":45},"end":{"line":522,"column":null}}},"31":{"name":"(anonymous_34)","decl":{"start":{"line":483,"column":8},"end":{"line":483,"column":9}},"loc":{"start":{"line":483,"column":15},"end":{"line":483,"column":null}}},"32":{"name":"(anonymous_35)","decl":{"start":{"line":525,"column":26},"end":{"line":525,"column":33}},"loc":{"start":{"line":525,"column":50},"end":{"line":553,"column":null}}},"33":{"name":"(anonymous_36)","decl":{"start":{"line":556,"column":24},"end":{"line":556,"column":31}},"loc":{"start":{"line":556,"column":31},"end":{"line":571,"column":null}}},"34":{"name":"(anonymous_37)","decl":{"start":{"line":558,"column":50},"end":{"line":558,"column":55}},"loc":{"start":{"line":558,"column":55},"end":{"line":558,"column":null}}},"35":{"name":"(anonymous_38)","decl":{"start":{"line":574,"column":32},"end":{"line":574,"column":33}},"loc":{"start":{"line":574,"column":33},"end":{"line":590,"column":null}}},"36":{"name":"useWallet","decl":{"start":{"line":622,"column":16},"end":{"line":622,"column":25}},"loc":{"start":{"line":622,"column":16},"end":{"line":628,"column":null}}}},"branchMap":{"0":{"loc":{"start":{"line":100,"column":6},"end":{"line":126,"column":null}},"type":"if","locations":[{"start":{"line":100,"column":6},"end":{"line":126,"column":null}}]},"1":{"loc":{"start":{"line":107,"column":8},"end":{"line":125,"column":null}},"type":"if","locations":[{"start":{"line":107,"column":8},"end":{"line":125,"column":null}},{"start":{"line":111,"column":15},"end":{"line":125,"column":null}}]},"2":{"loc":{"start":{"line":111,"column":15},"end":{"line":125,"column":null}},"type":"if","locations":[{"start":{"line":111,"column":15},"end":{"line":125,"column":null}}]},"3":{"loc":{"start":{"line":131,"column":8},"end":{"line":135,"column":null}},"type":"if","locations":[{"start":{"line":131,"column":8},"end":{"line":135,"column":null}}]},"4":{"loc":{"start":{"line":166,"column":46},"end":{"line":166,"column":85}},"type":"default-arg","locations":[{"start":{"line":166,"column":75},"end":{"line":166,"column":85}}]},"5":{"loc":{"start":{"line":177,"column":6},"end":{"line":179,"column":null}},"type":"if","locations":[{"start":{"line":177,"column":6},"end":{"line":179,"column":null}}]},"6":{"loc":{"start":{"line":177,"column":10},"end":{"line":177,"column":46}},"type":"binary-expr","locations":[{"start":{"line":177,"column":10},"end":{"line":177,"column":23}},{"start":{"line":177,"column":23},"end":{"line":177,"column":46}}]},"7":{"loc":{"start":{"line":186,"column":6},"end":{"line":189,"column":null}},"type":"if","locations":[{"start":{"line":186,"column":6},"end":{"line":189,"column":null}}]},"8":{"loc":{"start":{"line":188,"column":26},"end":{"line":188,"column":null}},"type":"binary-expr","locations":[{"start":{"line":188,"column":26},"end":{"line":188,"column":52}},{"start":{"line":188,"column":52},"end":{"line":188,"column":null}}]},"9":{"loc":{"start":{"line":230,"column":15},"end":{"line":230,"column":null}},"type":"binary-expr","locations":[{"start":{"line":230,"column":15},"end":{"line":230,"column":37}},{"start":{"line":230,"column":41},"end":{"line":230,"column":null}}]},"10":{"loc":{"start":{"line":246,"column":6},"end":{"line":248,"column":null}},"type":"if","locations":[{"start":{"line":246,"column":6},"end":{"line":248,"column":null}}]},"11":{"loc":{"start":{"line":293,"column":15},"end":{"line":293,"column":null}},"type":"binary-expr","locations":[{"start":{"line":293,"column":15},"end":{"line":293,"column":37}},{"start":{"line":293,"column":41},"end":{"line":293,"column":null}}]},"12":{"loc":{"start":{"line":309,"column":6},"end":{"line":311,"column":null}},"type":"if","locations":[{"start":{"line":309,"column":6},"end":{"line":311,"column":null}}]},"13":{"loc":{"start":{"line":309,"column":10},"end":{"line":309,"column":48}},"type":"binary-expr","locations":[{"start":{"line":309,"column":10},"end":{"line":309,"column":24}},{"start":{"line":309,"column":24},"end":{"line":309,"column":48}}]},"14":{"loc":{"start":{"line":351,"column":15},"end":{"line":351,"column":null}},"type":"binary-expr","locations":[{"start":{"line":351,"column":15},"end":{"line":351,"column":37}},{"start":{"line":351,"column":41},"end":{"line":351,"column":null}}]},"15":{"loc":{"start":{"line":362,"column":8},"end":{"line":363,"column":44}},"type":"binary-expr","locations":[{"start":{"line":362,"column":8},"end":{"line":362,"column":null}},{"start":{"line":363,"column":8},"end":{"line":363,"column":44}}]},"16":{"loc":{"start":{"line":366,"column":4},"end":{"line":374,"column":null}},"type":"if","locations":[{"start":{"line":366,"column":4},"end":{"line":374,"column":null}},{"start":{"line":371,"column":11},"end":{"line":374,"column":null}}]},"17":{"loc":{"start":{"line":382,"column":13},"end":{"line":382,"column":null}},"type":"binary-expr","locations":[{"start":{"line":382,"column":13},"end":{"line":382,"column":66}},{"start":{"line":382,"column":66},"end":{"line":382,"column":null}}]},"18":{"loc":{"start":{"line":385,"column":6},"end":{"line":394,"column":null}},"type":"if","locations":[{"start":{"line":385,"column":6},"end":{"line":394,"column":null}}]},"19":{"loc":{"start":{"line":387,"column":8},"end":{"line":393,"column":null}},"type":"if","locations":[{"start":{"line":387,"column":8},"end":{"line":393,"column":null}}]},"20":{"loc":{"start":{"line":387,"column":12},"end":{"line":387,"column":77}},"type":"binary-expr","locations":[{"start":{"line":387,"column":12},"end":{"line":387,"column":36}},{"start":{"line":387,"column":36},"end":{"line":387,"column":77}}]},"21":{"loc":{"start":{"line":399,"column":12},"end":{"line":399,"column":95}},"type":"binary-expr","locations":[{"start":{"line":399,"column":12},"end":{"line":399,"column":70}},{"start":{"line":399,"column":70},"end":{"line":399,"column":95}}]},"22":{"loc":{"start":{"line":406,"column":6},"end":{"line":430,"column":null}},"type":"if","locations":[{"start":{"line":406,"column":6},"end":{"line":430,"column":null}}]},"23":{"loc":{"start":{"line":406,"column":10},"end":{"line":406,"column":97}},"type":"binary-expr","locations":[{"start":{"line":406,"column":10},"end":{"line":406,"column":69}},{"start":{"line":406,"column":69},"end":{"line":406,"column":97}}]},"24":{"loc":{"start":{"line":407,"column":8},"end":{"line":429,"column":null}},"type":"if","locations":[{"start":{"line":407,"column":8},"end":{"line":429,"column":null}},{"start":{"line":425,"column":15},"end":{"line":429,"column":null}}]},"25":{"loc":{"start":{"line":410,"column":10},"end":{"line":424,"column":null}},"type":"if","locations":[{"start":{"line":410,"column":10},"end":{"line":424,"column":null}},{"start":{"line":413,"column":17},"end":{"line":424,"column":null}}]},"26":{"loc":{"start":{"line":454,"column":19},"end":{"line":454,"column":null}},"type":"binary-expr","locations":[{"start":{"line":454,"column":19},"end":{"line":454,"column":77}},{"start":{"line":454,"column":77},"end":{"line":454,"column":null}}]},"27":{"loc":{"start":{"line":483,"column":15},"end":{"line":483,"column":null}},"type":"binary-expr","locations":[{"start":{"line":483,"column":15},"end":{"line":483,"column":68}},{"start":{"line":483,"column":68},"end":{"line":483,"column":null}}]},"28":{"loc":{"start":{"line":486,"column":6},"end":{"line":509,"column":null}},"type":"if","locations":[{"start":{"line":486,"column":6},"end":{"line":509,"column":null}},{"start":{"line":497,"column":13},"end":{"line":509,"column":null}}]},"29":{"loc":{"start":{"line":486,"column":10},"end":{"line":486,"column":132}},"type":"binary-expr","locations":[{"start":{"line":486,"column":10},"end":{"line":486,"column":36}},{"start":{"line":486,"column":36},"end":{"line":486,"column":61}},{"start":{"line":486,"column":61},"end":{"line":486,"column":82}},{"start":{"line":486,"column":82},"end":{"line":486,"column":108}},{"start":{"line":486,"column":108},"end":{"line":486,"column":132}}]},"30"
[...]
e":110,"column":8},"end":{"line":110,"column":null}},"28":{"start":{"line":113,"column":23},"end":{"line":113,"column":null}},"29":{"start":{"line":113,"column":43},"end":{"line":113,"column":83}},"30":{"start":{"line":114,"column":8},"end":{"line":116,"column":null}},"31":{"start":{"line":115,"column":10},"end":{"line":115,"column":null}},"32":{"start":{"line":120,"column":6},"end":{"line":120,"column":null}},"33":{"start":{"line":123,"column":6},"end":{"line":123,"column":null}},"34":{"start":{"line":126,"column":6},"end":{"line":129,"column":null}},"35":{"start":{"line":127,"column":8},"end":{"line":127,"column":null}},"36":{"start":{"line":128,"column":8},"end":{"line":128,"column":null}},"37":{"start":{"line":137,"column":36},"end":{"line":137,"column":38}},"38":{"start":{"line":140,"column":34},"end":{"line":180,"column":null}},"39":{"start":{"line":182,"column":4},"end":{"line":228,"column":null}},"40":{"start":{"line":183,"column":6},"end":{"line":227,"column":null}},"41":{"start":{"line":184,"column":23},"end":{"line":184,"column":54}},"42":{"start":{"line":187,"column":8},"end":{"line":189,"column":null}},"43":{"start":{"line":188,"column":10},"end":{"line":188,"column":null}},"44":{"start":{"line":191,"column":8},"end":{"line":224,"column":null}},"45":{"start":{"line":192,"column":29},"end":{"line":192,"column":null}},"46":{"start":{"line":194,"column":10},"end":{"line":221,"column":null}},"47":{"start":{"line":202,"column":16},"end":{"line":208,"column":null}},"48":{"start":{"line":203,"column":35},"end":{"line":203,"column":null}},"49":{"start":{"line":204,"column":18},"end":{"line":204,"column":null}},"50":{"start":{"line":206,"column":18},"end":{"line":206,"column":null}},"51":{"start":{"line":207,"column":18},"end":{"line":207,"column":null}},"52":{"start":{"line":211,"column":16},"end":{"line":216,"column":null}},"53":{"start":{"line":212,"column":18},"end":{"line":212,"column":null}},"54":{"start":{"line":214,"column":18},"end":{"line":214,"column":null}},"55":{"start":{"line":215,"column":18},"end":{"line":215,"column":null}},"56":{"start":{"line":223,"column":10},"end":{"line":223,"column":null}},"57":{"start":{"line":226,"column":8},"end":{"line":226,"column":null}},"58":{"start":{"line":231,"column":4},"end":{"line":245,"column":null}},"59":{"start":{"line":231,"column":44},"end":{"line":231,"column":74}},"60":{"start":{"line":232,"column":6},"end":{"line":244,"column":null}},"61":{"start":{"line":239,"column":25},"end":{"line":239,"column":null}},"62":{"start":{"line":240,"column":28},"end":{"line":240,"column":null}},"63":{"start":{"line":247,"column":4},"end":{"line":247,"column":null}},"64":{"start":{"line":254,"column":37},"end":{"line":254,"column":39}},"65":{"start":{"line":257,"column":35},"end":{"line":286,"column":null}},"66":{"start":{"line":288,"column":4},"end":{"line":327,"column":null}},"67":{"start":{"line":289,"column":6},"end":{"line":326,"column":null}},"68":{"start":{"line":290,"column":23},"end":{"line":290,"column":54}},"69":{"start":{"line":293,"column":8},"end":{"line":295,"column":null}},"70":{"start":{"line":294,"column":10},"end":{"line":294,"column":null}},"71":{"start":{"line":297,"column":8},"end":{"line":323,"column":null}},"72":{"start":{"line":298,"column":10},"end":{"line":320,"column":null}},"73":{"start":{"line":303,"column":14},"end":{"line":316,"column":null}},"74":{"start":{"line":304,"column":16},"end":{"line":311,"column":null}},"75":{"start":{"line":305,"column":18},"end":{"line":305,"column":null}},"76":{"start":{"line":306,"column":23},"end":{"line":311,"column":null}},"77":{"start":{"line":307,"column":18},"end":{"line":307,"column":null}},"78":{"start":{"line":308,"column":23},"end":{"line":311,"column":null}},"79":{"start":{"line":309,"column":33},"end":{"line":309,"column":null}},"80":{"start":{"line":310,"column":18},"end":{"line":310,"column":null}},"81":{"start":{"line":312,"column":16},"end":{"line":312,"column":null}},"82":{"start":{"line":314,"column":16},"end":{"line":314,"column":null}},"83":{"start":{"line":315,"column":16},"end":{"line":315,"column":null}},"84":{"start":{"line":322,"column":10},"end":{"line":322,"column":null}},"85":{"start":{"line":325,"column":8},"end":{"line":325,"column":null}},"86":{"start":{"line":329,"column":4},"end":{"line":329,"column":null}},"87":{"start":{"line":336,"column":4},"end":{"line":336,"column":null}},"88":{"start":{"line":336,"column":29},"end":{"line":336,"column":null}},"89":{"start":{"line":337,"column":4},"end":{"line":337,"column":null}},"90":{"start":{"line":337,"column":35},"end":{"line":337,"column":null}},"91":{"start":{"line":338,"column":4},"end":{"line":338,"column":null}},"92":{"start":{"line":338,"column":32},"end":{"line":338,"column":null}},"93":{"start":{"line":339,"column":4},"end":{"line":339,"column":null}},"94":{"start":{"line":339,"column":26},"end":{"line":339,"column":null}},"95":{"start":{"line":340,"column":4},"end":{"line":340,"column":null}},"96":{"start":{"line":340,"column":26},"end":{"line":340,"column":null}},"97":{"start":{"line":341,"column":4},"end":{"line":341,"column":null}},"98":{"start":{"line":341,"column":26},"end":{"line":341,"column":null}},"99":{"start":{"line":342,"column":4},"end":{"line":342,"column":null}},"100":{"start":{"line":342,"column":27},"end":{"line":342,"column":null}},"101":{"start":{"line":343,"column":4},"end":{"line":343,"column":null}},"102":{"start":{"line":343,"column":26},"end":{"line":343,"column":null}},"103":{"start":{"line":344,"column":4},"end":{"line":344,"column":null}},"104":{"start":{"line":344,"column":28},"end":{"line":344,"column":null}},"105":{"start":{"line":345,"column":4},"end":{"line":345,"column":null}},"106":{"start":{"line":345,"column":29},"end":{"line":345,"column":null}},"107":{"start":{"line":346,"column":4},"end":{"line":346,"column":null}},"108":{"start":{"line":346,"column":31},"end":{"line":346,"column":null}},"109":{"start":{"line":347,"column":4},"end":{"line":347,"column":null}},"110":{"start":{"line":347,"column":32},"end":{"line":347,"column":null}},"111":{"start":{"line":348,"column":4},"end":{"line":348,"column":null}},"112":{"start":{"line":348,"column":26},"end":{"line":348,"column":null}},"113":{"start":{"line":349,"column":4},"end":{"line":349,"column":null}},"114":{"start":{"line":349,"column":27},"end":{"line":349,"column":null}},"115":{"start":{"line":350,"column":4},"end":{"line":350,"column":null}},"116":{"start":{"line":357,"column":4},"end":{"line":357,"column":null}},"117":{"start":{"line":364,"column":4},"end":{"line":366,"column":null}},"118":{"start":{"line":365,"column":18},"end":{"line":366,"column":null}},"119":{"start":{"line":374,"column":4},"end":{"line":376,"column":null}},"120":{"start":{"line":375,"column":18},"end":{"line":376,"column":null}},"121":{"start":{"line":14,"column":10},"end":{"line":14,"column":null}},"122":{"start":{"line":15,"column":10},"end":{"line":15,"column":null}},"123":{"start":{"line":16,"column":10},"end":{"line":16,"column":null}},"124":{"start":{"line":17,"column":10},"end":{"line":17,"column":null}},"125":{"start":{"line":382,"column":38},"end":{"line":382,"column":null}}},"fnMap":{"0":{"name":"(anonymous_3)","decl":{"start":{"line":22,"column":2},"end":{"line":22,"column":8}},"loc":{"start":{"line":22,"column":59},"end":{"line":45,"column":null}}},"1":{"name":"(anonymous_4)","decl":{"start":{"line":50,"column":2},"end":{"line":50,"column":16}},"loc":{"start":{"line":50,"column":62},"end":{"line":99,"column":null}}},"2":{"name":"(anonymous_5)","decl":{"start":{"line":57,"column":29},"end":{"line":57,"column":null}},"loc":{"start":{"line":57,"column":29},"end":{"line":66,"column":null}}},"3":{"name":"(anonymous_6)","decl":{"start":{"line":69,"column":43},"end":{"line":69,"column":48}},"loc":{"start":{"line":69,"column":48},"end":{"line":69,"column":78}}},"4":{"name":"(anonymous_7)","decl":{"start":{"line":85,"column":28},"end":{"line":85,"column":29}},"loc":{"start":{"line":85,"column":48},"end":{"line":96,"column":null}}},"5":{"name":"(anonymous_8)","decl":{"start":{"line":87,"column":44},"end":{"line":87,"column":49}},"loc":{"start":{"line":87,"column":49},"end":{"line":87,"column":81}}},"6":{"name":"(anonymous_9)","decl":{"start":{"line":104,"column":2},"end":{"line":104,"column":16}},"loc":{"start":{"line":104,"column":75},"end":{"line":131,"column":null}}},"7":{"name":"(anonymous_10)","decl":{"start":{"line":105,"column":23},"end":{"line":105,"column":24}},"loc":{"start":{"line":105,"column":24},"end":{"line":130,"column":null}}},"8":{"name":"(anonymous_11)","decl":{"start":{"line":108,"column":33},"end":{"line":108,"column":34}},"loc":{"start":{"line":108,"column":34},"end":{"line":117,"column":null}}},"9":{"name":"(anonymous_12)","decl":{"start":{"line":113,"column":38},"end":{"line":113,"column":43}},"loc":{"start":{"line":113,"column":43},"end":{"line":113,"column":83}}},"10":{"name":"(anonymous_13)","decl":{"start":{"line":126,"column":17},"end":{"line":126,"column":null}},"loc":{"start":{"line":126,"column":17},"end":{"line":129,"column":9}}},"11":{"name":"(anonymous_14)","decl":{"start":{"line":136,"column":2},"end":{"line":136,"column":16}},"loc":{"start":{"line":136,"column":63},"end":{"line":248,"column":null}}},"12":{"name":"(anonymous_15)","decl":{"start":{"line":201,"column":23},"end":{"line":201,"column":null}},"loc":{"start":{"line":201,"column":23},"end":{"line":209,"column":null}}},"13":{"name":"(anonymous_16)","decl":{"start":{"line":210,"column":26},"end":{"line":210,"column":null}},"loc":{"start":{"line":210,"column":26},"end":{"line":217,"column":null}}},"14":{"name":"(anonymous_17)","decl":{"start":{"line":231,"column":39},"end":{"line":231,"column":44}},"loc":{"start":{"line":231,"column":44},"end":{"line":231,"column":74}}},"15":{"name":"(anonymous_18)","decl":{"start":{"line":239,"column":19},"end":{"line":239,"column":25}},"loc":{"start":{"line":239,"column":25},"end":{"line":239,"column":null}}},"16":{"name":"(anonymous_19)","decl":{"start":{"line":240,"column":22},"end":{"line":240,"column":28}},"loc":{"start":{"line":240,"column":28},"end":{"line":240,"column":null}}},"17":{"name":"(anonymous_20)","decl":{"start":{"line":253,"column":2},"end":{"line":253,"column":16}},"loc":{"start":{"line":253,"column":65},"end":{"line":330,"column":null}}},"18":{"name":"(anonymous_21)","decl":{"start":{"line":302,"column":26},"end":{"line":302,"column":null}},"loc":{"start":{"line":302,"column":26},"end":{"line":317,"column":null}}},"19":{"name":"(anonymous_22)","decl":{"start":{"line":335,"column":2},"end":{"line":335,"column":31}},"loc":{"start":{"line":335,"column":55},"end":{"line":351,"column":null}}},"20":{"name":"(anonymous_23)","decl":{"start":{"line":356,"column":2},"end":{"line":356,"column":43}},"loc":{"start":{"line":356,"column":43},"end":{"line":358,"column":null}}},"21":{"name":"(anonymous_24)","decl":{"start":{"line":363,"column":2},"end":{"line":363,"column":20}},"loc":{"start":{"line":363,"column":77},"end":{"line":368,"column":null}}},"22":{"name":"(anonymous_25)","decl":{"start":{"line":365,"column":6},"end":{"line":365,"column":18}},"loc":{"start":{"line":365,"column":18},"end":{"line":366,"column":null}}},"23":{"name":"(anonymous_26)","decl":{"start":{"line":373,"column":2},"end":{"line":373,"column":12}},"loc":{"start":{"line":373,"column":88},"end":{"line":378,"column":null}}},"24":{"name":"(anonymous_27)","decl":{"start":{"line":375,"column":6},"end":{"line":375,"column":18}},"loc":{"start":{"line":375,"column":18},"end":{"line":376,"column":null}}}},"branchMap":{"0":{"loc":{"start":{"line":69,"column":4},"end":{"line":77,"column":null}},"type":"if","locations":[{"start":{"line":69,"column":4},"end":{"line":77,"column":null}}]},"1":{"loc":{"start":{"line":69,"column":8},"end":{"line":69,"column":81}},"type":"binary-expr","locations":[{"start":{"line":69,"column":8},"end":{"line":69,"column":23}},{"start":{"line":69,"column":27},"end":{"line":69,"column":81}}]},"2":{"loc":{"start":{"line":87,"column":6},"end":{"line":95,"column":null}},"type":"if","locations":[{"start":{"line":87,"column":6},"end":{"line":95,"column":null}}]},"3":{"loc":{"start":{"line":87,"column":10},"end":{"line":87,"column":81}},"type":"binary-expr","locations":[{"start":{"line":87,"column":10},"end":{"line":87,"column":28}},{"start":{"line":87,"column":28},"end":{"line":87,"column":81}}]},"4":{"loc":{"start":{"line":114,"column":8},"end":{"line":116,"column":null}},"type":"if","locations":[{"start":{"line":114,"column":8},"end":{"line":116,"column":null}}]},"5":{"loc":{"start":{"line":187,"column":8},"end":{"line":189,"column":null}},"type":"if","locations":[{"start":{"line":187,"column":8},"end":{"line":189,"column":null}}]},"6":{"loc":{"start":{"line":187,"column":12},"end":{"line":187,"column":43}},"type":"binary-expr","locations":[{"start":{"line":187,"column":12},"end":{"line":187,"column":29}},{"start":{"line":187,"column":33},"end":{"line":187,"column":43}}]},"7":{"loc":{"start":{"line":191,"column":8},"end":{"line":224,"column":null}},"type":"if","locations":[{"start":{"line":191,"column":8},"end":{"line":224,"column":null}}]},"8":{"loc":{"start":{"line":192,"column":29},"end":{"line":192,"column":null}},"type":"cond-expr","locations":[{"start":{"line":192,"column":52},"end":{"line":192,"column":66}},{"start":{"line":192,"column":66},"end":{"line":192,"column":null}}]},"9":{"loc":{"start":{"line":231,"column":4},"end":{"line":245,"column":null}},"type":"if","locations":[{"start":{"line":231,"column":4},"end":{"line":245,"column":null}}]},"10":{"loc":{"start":{"line":231,"column":8},"end":{"line":231,"column":74}},"type":"binary-expr","locations":[{"start":{"line":231,"column":8},"end":{"line":231,"column":21}},{"start":{"line":231,"column":25},"end":{"line":231,"column":74}}]},"11":{"loc":{"start":{"line":293,"column":8},"end":{"line":295,"column":null}},"type":"if","locations":[{"start":{"line":293,"column":8},"end":{"line":295,"column":null}}]},"12":{"loc":{"start":{"line":293,"column":12},"end":{"line":293,"column":43}},"type":"binary-expr","locations":[{"start":{"line":293,"column":12},"end":{"line":293,"column":29}},{"start":{"line":293,"column":33},"end":{"line":293,"column":43}}]},"13":{"loc":{"start":{"line":297,"column":8},"end":{"line":323,"column":null}},"type":"if","locations":[{"start":{"line":297,"column":8},"end":{"line":323,"column":null}}]},"14":{"loc":{"start":{"line":304,"column":16},"end":{"line":311,"column":null}},"type":"if","locations":[{"start":{"line":304,"column":16},"end":{"line":311,"column":null}},{"start":{"line":306,"column":23},"end":{"line":311,"column":null}}]},"15":{"loc":{"start":{"line":306,"column":23},"end":{"line":311,"column":null}},"type":"if","locations":[{"start":{"line":306,"column":23},"end":{"line":311,"column":null}},{"start":{"line":308,"column":23},"end":{"line":311,"column":null}}]},"16":{"loc":{"start":{"line":308,"column":23},"end":{"line":311,"column":null}},"type":"if","locations":[{"start":{"line":308,"column":23},"end":{"line":311,"column":null}}]},"17":{"loc":{"start":{"line":310,"column":25},"end":{"line":310,"column":null}},"type":"binary-expr","locations":[{"start":{"line":310,"column":25},"end":{"line":310,"column":41}},{"start":{"line":310,"column":45},"end":{"line":310,"column":null}}]},"18":{"loc":{"start":{"line":336,"column":4},"end":{"line":336,"column":null}},"type":"if","locations":[{"start":{"line":336,"column":4},"end":{"line":336,"column":null}}]},"19":{"loc":{"start":{"line":337,"column":4},"end":{"line":337,"column":null}},"type":"if","locations":[{"start":{"line":337,"column":4},"end":{"line":337,"column":null}}]},"20":{"loc":{"start":{"line":338,"column":4},"end":{"line":338,"column":null}},"type":"if","locations":[{"start":{"line":338,"column":4},"end":{"line":338,"column":null}}]},"21":{"loc":{"start":{"line":339,"column":4},"end":{"line":339,"column":null}},"type":"if","locations":[{"start":{"line":339,"column":4},"end":{"line":339,"column":null}}]},"22":{"loc":{"start":{"line":340,"column":4},"end":{"line":340,"column":null}},"type":"if","locations":[{"start":{"line":340,"column":4},"end":{"line":340,"column":null}}]},"23":{"loc":{"start":{"line":341,"column":4},"end":{"line":341,"column":null}},"type":"if","locations":[{"start":{"line":341,"column":4},"end":{"line":341,"column":null}}]},"24":{"loc":{"start":{"line":342,"column":4},"end":{"line":342,"column":null}},"type":"if","locations":[{"start":{"line":342,"column":4},"end":{"line":342,"column":null}}]},"25":{"loc":{"start":{"line":343,"column":4},"end":{"line":343,"column":null}},"type":"if","locations":[{"start":{"line":343,"column":4},"end":{"line":343,"column":null}}]},"26":{"loc":{"start":{"line":344,"column":4},"end":{"line":344,"column":null}},"type":"if","locations":[{"start":{"line":344,"column":4},"end":{"line":344,"column":null}}]},"27":{"loc":{"start":{"line":345,"column":4},"end":{"line":345,"column":null}},"type":"if","locations":[{"start":{"line":345,"column":4},"end":{"line":345,"column":null}}]},"28":{"loc":{"start":{"line":346,"column":4},"end":{"line":346,"column":null}},"type":"if","locations":[{"start":{"line":346,"column":4},"end":{"line":346,"column":null}}]},"29":{"loc":{"start":{"line":347,"column":4},"end":{"line":347,"column":null}},"type":"if","locations":[{"start":{"line":347,"column":4},"end":{"line":347,"column":null}}]},"30":{"loc":{"start":{"line":348,"column":4},"end":{"line":348,"column":null}},"type":"if","locations":[{"start":{"line":348,"column":4},"end":{"line":348,"column":null}}]},"31":{"loc":{"start":{"line":349,"column":4},"end":{"line":349,"column":null}},"type":"if","locations":[{"start":{"line":349,"column":4},"end":{"line":349,"column":null}}]},"32":{"loc":{"start":{"line":365,"column":18},"end":{"line":366,"column":null}},"type":"binary-expr","locations":[{"start":{"line":365,"column":18},"end":{"line":365,"column":null}},{"start":{"line":366,"column":18},"end":{"line":366,"column":null}}]},"33":{"loc":{"start":{"line":375,"column":18},"end":{"line":376,"column":null}},"type":"binary-expr","locations":[{"start":{"line":375,"column":18},"end":{"line":375,"column":null}},{"start":{"line":376,"column":18},"end":{"line":376,"column":null}}]}},"s":{"0":0,"1":6,"2":5,"3":5,"4":5,"5":5,"6":5,"7":5,"8":5,"9":5,"10":5,"11":4,"12":5,"13":4,"14":5,"15":5,"16":5,"17":5,"18":10,"19":10,"20":9,"21":0,"22":5,"23":5,"24":5,"25":5,"26":10,"27":10,"28":10,"29":6,"30":10,"31":4,"32":5,"33":5,"34":5,"35":5,"36":5,"37":5,"38":5,"39":5,"40":30,"41":30,"42":30,"43":5,"44":30,"45":7,"46":7,"47":0,"48":0,"49":0,"50":0,"51":0,"52":0,"53":0,"54":0,"55":0,"56":7,"57":0,"58":5,"59":0,"60":0,"61":0,"62":0,"63":5,"64":5,"65":5,"66":5,"67":25,"68":25,"69":25,"70":1,"71":25,"72":5,"73":0,"74":0,"75":0,"76":0,"77":0,"78":0,"79":0,"80":0,"81":0,"82":0,"83":0,"84":5,"85":0,"86":5,"87":5,"88":5,"89":0,"90":0,"91":0,"92":0,"93":0,"94":0,"95":0,"96":0,"97":0,"98":0,"99":0,"100":0,"101":0,"102":0,"103":0,"104":0,"105":0,"106":0,"107":0,"108":0,"109":0,"110":0,"111":0,"112":0,"113":0,"114":0,"115":0,"116":0,"117":0,"118":0,"119":0,"120":0,"121":1,"122":1,"123":1,"124":1,"125":1},"f":{"0":5,"1":5,"2":4,"3":4,"4":10,"5":9,"6":5,"7":5,"8":10,"9":6,"10":5,"11":5,"12":0,"13":0,"14":0,"15":0,"16":0,"17":5,"18":0,"19":5,"20":0,"21":0,"22":0,"23":0,"24":0},"b":{"0":[5],"1":[5,5],"2":[0],"3":[10,5],"4":[4],"5":[5],"6":[30,15],"7":[7],"8":[0,7],"9":[0],"10":[5,0],"11":[1],"12":[25,15],"13":[5],"14":[0,0],"15":[0,0],"16":[0],"17":[0,0],"18":[5],"19":[0],"20":[0],"21":[0],"22":[0],"23":[0],"24":[0],"25":[0],"26":[0],"27":[0],"28":[0],"29":[0],"30":[0],"31":[0],"32":[0,0],"33":[0,0]}}
,"/Users/dustinjasmin/eth-1/types/wallet.ts": {"path":"/Users/dustinjasmin/eth-1/types/wallet.ts","statementMap":{"0":{"start":{"line":116,"column":13},"end":{"line":116,"column":76}},"1":{"start":{"line":116,"column":76},"end":{"line":171,"column":null}}},"fnMap":{},"branchMap":{},"s":{"0":0,"1":0},"f":{},"b":{}}
}
