TN:
SF:context/auth-context.tsx
FN:43,(anonymous_5)
FN:53,(anonymous_6)
FN:55,(anonymous_7)
FN:62,(anonymous_8)
FN:69,(anonymous_9)
FN:74,AuthProvider
FN:85,(anonymous_11)
FN:86,(anonymous_12)
FN:92,(anonymous_13)
FN:107,(anonymous_14)
FN:123,(anonymous_15)
FN:134,(anonymous_16)
FN:148,(anonymous_17)
FN:164,(anonymous_18)
FN:179,(anonymous_19)
FN:190,(anonymous_20)
FN:192,(anonymous_21)
FN:214,(anonymous_22)
FN:217,(anonymous_23)
FN:266,(anonymous_24)
FN:311,(anonymous_25)
FN:356,(anonymous_26)
FN:392,useAuth
FN:399,(anonymous_28)
FNF:24
FNH:20
FNDA:33,(anonymous_5)
FNDA:1,(anonymous_6)
FNDA:0,(anonymous_7)
FNDA:0,(anonymous_8)
FNDA:0,(anonymous_9)
FNDA:115,AuthProvider
FNDA:18,(anonymous_11)
FNDA:17,(anonymous_12)
FNDA:9,(anonymous_13)
FNDA:6,(anonymous_14)
FNDA:0,(anonymous_15)
FNDA:60,(anonymous_16)
FNDA:5,(anonymous_17)
FNDA:2,(anonymous_18)
FNDA:42,(anonymous_19)
FNDA:82,(anonymous_20)
FNDA:71,(anonymous_21)
FNDA:82,(anonymous_22)
FNDA:3,(anonymous_23)
FNDA:7,(anonymous_24)
FNDA:1,(anonymous_25)
FNDA:2,(anonymous_26)
FNDA:77,useAuth
FNDA:33,(anonymous_28)
DA:4,3
DA:5,3
DA:7,3
DA:11,3
DA:12,3
DA:38,3
DA:40,3
DA:43,3
DA:44,33
DA:48,33
DA:49,6
DA:52,33
DA:54,1
DA:56,0
DA:63,0
DA:70,0
DA:74,42
DA:75,115
DA:76,115
DA:77,115
DA:78,115
DA:79,115
DA:80,115
DA:81,115
DA:82,115
DA:85,115
DA:86,18
DA:87,17
DA:92,115
DA:93,9
DA:94,9
DA:99,7
DA:101,2
DA:102,2
DA:107,115
DA:108,6
DA:109,6
DA:110,6
DA:112,0
DA:116,6
DA:117,6
DA:118,0
DA:119,0
DA:120,0
DA:122,0
DA:123,0
DA:124,0
DA:126,0
DA:129,6
DA:134,115
DA:135,60
DA:136,60
DA:137,60
DA:139,0
DA:141,60
DA:142,0
DA:143,0
DA:148,115
DA:149,5
DA:152,5
DA:155,5
DA:158,5
DA:160,5
DA:164,115
DA:165,2
DA:166,2
DA:167,2
DA:168,1
DA:169,1
DA:172,1
DA:174,1
DA:179,115
DA:180,42
DA:181,42
DA:182,42
DA:183,1
DA:186,0
DA:190,115
DA:192,82
DA:193,71
DA:194,71
DA:196,71
DA:198,13
DA:201,13
DA:202,13
DA:206,58
DA:207,58
DA:208,58
DA:209,58
DA:214,82
DA:217,115
DA:218,3
DA:220,3
DA:221,3
DA:222,1
DA:226,2
DA:228,2
DA:229,0
DA:233,2
DA:236,2
DA:244,2
DA:246,1
DA:247,1
DA:248,1
DA:251,1
DA:254,1
DA:257,1
DA:259,2
DA:261,2
DA:262,2
DA:266,115
DA:267,7
DA:269,7
DA:270,2
DA:274,5
DA:275,5
DA:276,1
DA:280,4
DA:288,4
DA:289,1
DA:290,1
DA:293,3
DA:296,3
DA:302,3
DA:304,3
DA:306,4
DA:307,4
DA:311,115
DA:312,1
DA:314,1
DA:315,0
DA:319,1
DA:320,1
DA:321,0
DA:325,1
DA:333,1
DA:334,0
DA:335,0
DA:338,1
DA:341,1
DA:347,1
DA:349,1
DA:351,0
DA:352,0
DA:356,115
DA:358,2
DA:361,2
DA:364,2
DA:367,115
DA:368,42
DA:392,44
DA:393,77
DA:394,76
DA:395,72
DA:399,33
DA:400,33
DA:401,33
LF:157
LH:135
BRDA:48,0,0,6
BRDA:58,1,0,0
BRDA:58,1,1,0
BRDA:65,2,0,0
BRDA:65,2,1,0
BRDA:122,3,0,0
BRDA:141,4,0,0
BRDA:155,5,0,5
BRDA:155,5,1,4
BRDA:166,6,0,2
BRDA:182,7,0,1
BRDA:196,8,0,13
BRDA:196,8,1,58
BRDA:201,9,0,13
BRDA:201,10,0,13
BRDA:201,10,1,0
BRDA:221,11,0,1
BRDA:228,12,0,0
BRDA:244,13,0,1
BRDA:248,14,0,1
BRDA:248,14,1,0
BRDA:269,15,0,2
BRDA:269,16,0,7
BRDA:269,16,1,5
BRDA:275,17,0,1
BRDA:288,18,0,1
BRDA:290,19,0,1
BRDA:290,19,1,0
BRDA:314,20,0,0
BRDA:314,21,0,1
BRDA:314,21,1,1
BRDA:320,22,0,0
BRDA:333,23,0,0
BRDA:335,24,0,0
BRDA:335,24,1,0
BRDA:367,25,0,42
BRDA:394,26,0,4
BRDA:401,27,0,33
BRDA:401,27,1,27
BRF:39
BRH:24
end_of_record
TN:
SF:context/onboarding-context.tsx
FN:18,OnboardingProvider
FN:26,(anonymous_4)
FN:47,(anonymous_5)
FN:72,useOnboarding
FNF:4
FNH:0
FNDA:0,OnboardingProvider
FNDA:0,(anonymous_4)
FNDA:0,(anonymous_5)
FNDA:0,useOnboarding
DA:3,0
DA:4,0
DA:16,0
DA:18,0
DA:19,0
DA:20,0
DA:21,0
DA:22,0
DA:23,0
DA:26,0
DA:27,0
DA:29,0
DA:30,0
DA:32,0
DA:36,0
DA:37,0
DA:40,0
DA:41,0
DA:47,0
DA:48,0
DA:50,0
DA:51,0
DA:72,0
DA:73,0
DA:74,0
DA:75,0
DA:77,0
LF:27
LH:0
BRDA:27,0,0,0
BRDA:29,1,0,0
BRDA:40,2,0,0
BRDA:50,3,0,0
BRDA:50,4,0,0
BRDA:50,4,1,0
BRDA:50,4,2,0
BRDA:74,5,0,0
BRF:8
BRH:0
end_of_record
TN:
SF:context/sidebar-context.tsx
FN:13,SidebarProvider
FN:18,(anonymous_4)
FN:25,(anonymous_5)
FN:35,useSidebar
FNF:4
FNH:0
FNDA:0,SidebarProvider
FNDA:0,(anonymous_4)
FNDA:0,(anonymous_5)
FNDA:0,useSidebar
DA:3,0
DA:11,0
DA:13,0
DA:15,0
DA:18,0
DA:19,0
DA:20,0
DA:21,0
DA:25,0
DA:26,0
DA:27,0
DA:29,0
DA:35,0
DA:36,0
DA:37,0
DA:38,0
DA:40,0
LF:17
LH:0
BRDA:20,0,0,0
BRDA:37,1,0,0
BRF:2
BRH:0
end_of_record
TN:
SF:context/transaction-context.tsx
FN:36,TransactionProvider
FN:44,(anonymous_7)
FN:69,(anonymous_8)
FN:94,(anonymous_9)
FN:129,(anonymous_10)
FN:166,(anonymous_11)
FN:211,(anonymous_12)
FN:243,(anonymous_13)
FN:296,useTransaction
FNF:9
FNH:0
FNDA:0,TransactionProvider
FNDA:0,(anonymous_7)
FNDA:0,(anonymous_8)
FNDA:0,(anonymous_9)
FNDA:0,(anonymous_10)
FNDA:0,(anonymous_11)
FNDA:0,(anonymous_12)
FNDA:0,(anonymous_13)
FNDA:0,useTransaction
DA:4,0
DA:5,0
DA:6,0
DA:7,0
DA:34,0
DA:36,0
DA:37,0
DA:38,0
DA:39,0
DA:40,0
DA:41,0
DA:42,0
DA:44,0
DA:45,0
DA:46,0
DA:47,0
DA:50,0
DA:51,0
DA:53,0
DA:54,0
DA:55,0
DA:56,0
DA:58,0
DA:59,0
DA:65,0
DA:69,0
DA:70,0
DA:71,0
DA:72,0
DA:75,0
DA:76,0
DA:78,0
DA:79,0
DA:80,0
DA:81,0
DA:83,0
DA:84,0
DA:90,0
DA:94,0
DA:95,0
DA:96,0
DA:97,0
DA:100,0
DA:101,0
DA:103,0
DA:104,0
DA:105,0
DA:108,0
DA:110,0
DA:115,0
DA:117,0
DA:118,0
DA:123,0
DA:125,0
DA:129,0
DA:135,0
DA:136,0
DA:137,0
DA:140,0
DA:141,0
DA:143,0
DA:144,0
DA:145,0
DA:148,0
DA:150,0
DA:155,0
DA:156,0
DA:162,0
DA:166,0
DA:173,0
DA:174,0
DA:175,0
DA:178,0
DA:179,0
DA:181,0
DA:182,0
DA:183,0
DA:193,0
DA:195,0
DA:200,0
DA:201,0
DA:207,0
DA:211,0
DA:212,0
DA:213,0
DA:214,0
DA:217,0
DA:218,0
DA:220,0
DA:221,0
DA:222,0
DA:225,0
DA:227,0
DA:232,0
DA:233,0
DA:239,0
DA:243,0
DA:244,0
DA:245,0
DA:246,0
DA:249,0
DA:250,0
DA:252,0
DA:253,0
DA:254,0
DA:257,0
DA:259,0
DA:264,0
DA:265,0
DA:271,0
DA:296,0
DA:297,0
DA:298,0
DA:299,0
DA:301,0
LF:115
LH:0
BRDA:45,0,0,0
BRDA:58,1,0,0
BRDA:58,1,1,0
BRDA:61,2,0,0
BRDA:61,2,1,0
BRDA:70,3,0,0
BRDA:83,4,0,0
BRDA:83,4,1,0
BRDA:86,5,0,0
BRDA:86,5,1,0
BRDA:95,6,0,0
BRDA:117,7,0,0
BRDA:117,7,1,0
BRDA:120,8,0,0
BRDA:120,8,1,0
BRDA:135,9,0,0
BRDA:155,10,0,0
BRDA:155,10,1,0
BRDA:158,11,0,0
BRDA:158,11,1,0
BRDA:173,12,0,0
BRDA:200,13,0,0
BRDA:200,13,1,0
BRDA:203,14,0,0
BRDA:203,14,1,0
BRDA:212,15,0,0
BRDA:232,16,0,0
BRDA:232,16,1,0
BRDA:235,17,0,0
BRDA:235,17,1,0
BRDA:244,18,0,0
BRDA:264,19,0,0
BRDA:264,19,1,0
BRDA:267,20,0,0
BRDA:267,20,1,0
BRDA:298,21,0,0
BRF:36
BRH:0
end_of_record
TN:
SF:context/wallet-context.tsx
FN:60,(anonymous_3)
FN:61,(anonymous_4)
FN:62,(anonymous_5)
FN:63,(anonymous_6)
FN:64,(anonymous_7)
FN:65,(anonymous_8)
FN:66,(anonymous_9)
FN:67,(anonymous_10)
FN:68,(anonymous_11)
FN:71,WalletProvider
FN:87,(anonymous_13)
FN:92,(anonymous_14)
FN:96,(anonymous_15)
FN:106,(anonymous_16)
FN:119,(anonymous_17)
FN:145,(anonymous_18)
FN:166,(anonymous_19)
FN:187,(anonymous_20)
FN:198,(anonymous_21)
FN:238,(anonymous_22)
FN:301,(anonymous_23)
FN:359,(anonymous_24)
FN:361,(anonymous_25)
FN:378,(anonymous_26)
FN:382,(anonymous_27)
FN:398,(anonymous_28)
FN:409,(anonymous_29)
FN:416,(anonymous_30)
FN:450,(anonymous_31)
FN:452,(anonymous_32)
FN:479,(anonymous_33)
FN:483,(anonymous_34)
FN:525,(anonymous_35)
FN:556,(anonymous_36)
FN:558,(anonymous_37)
FN:574,(anonymous_38)
FN:622,useWallet
FNF:37
FNH:20
FNDA:0,(anonymous_3)
FNDA:0,(anonymous_4)
FNDA:0,(anonymous_5)
FNDA:0,(anonymous_6)
FNDA:0,(anonymous_7)
FNDA:0,(anonymous_8)
FNDA:0,(anonymous_9)
FNDA:0,(anonymous_10)
FNDA:0,(anonymous_11)
FNDA:40,WalletProvider
FNDA:16,(anonymous_13)
FNDA:16,(anonymous_14)
FNDA:16,(anonymous_15)
FNDA:2,(anonymous_16)
FNDA:0,(anonymous_17)
FNDA:17,(anonymous_18)
FNDA:5,(anonymous_19)
FNDA:0,(anonymous_20)
FNDA:4,(anonymous_21)
FNDA:1,(anonymous_22)
FNDA:1,(anonymous_23)
FNDA:6,(anonymous_24)
FNDA:1,(anonymous_25)
FNDA:1,(anonymous_26)
FNDA:1,(anonymous_27)
FNDA:1,(anonymous_28)
FNDA:0,(anonymous_29)
FNDA:0,(anonymous_30)
FNDA:1,(anonymous_31)
FNDA:2,(anonymous_32)
FNDA:5,(anonymous_33)
FNDA:1,(anonymous_34)
FNDA:0,(anonymous_35)
FNDA:0,(anonymous_36)
FNDA:0,(anonymous_37)
FNDA:0,(anonymous_38)
FNDA:40,useWallet
DA:3,3
DA:13,3
DA:14,3
DA:15,3
DA:49,3
DA:60,0
DA:61,0
DA:62,0
DA:65,0
DA:66,0
DA:71,16
DA:72,40
DA:73,40
DA:74,40
DA:75,40
DA:76,40
DA:77,40
DA:80,40
DA:87,40
DA:88,16
DA:92,40
DA:93,16
DA:96,40
DA:97,16
DA:99,16
DA:100,16
DA:101,2
DA:102,2
DA:103,2
DA:106,2
DA:107,2
DA:108,2
DA:109,2
DA:110,2
DA:111,0
DA:113,0
DA:114,0
DA:115,0
DA:116,0
DA:119,0
DA:123,0
DA:124,0
DA:129,16
DA:130,16
DA:131,16
DA:132,1
DA:133,1
DA:134,1
DA:137,0
DA:140,0
DA:141,0
DA:145,40
DA:146,17
DA:147,17
DA:148,17
DA:149,16
DA:150,16
DA:153,16
DA:154,16
DA:155,15
DA:157,1
DA:160,1
DA:161,1
DA:166,40
DA:167,5
DA:168,5
DA:169,5
DA:172,5
DA:177,4
DA:178,0
DA:181,4
DA:182,4
DA:185,4
DA:186,4
DA:187,0
DA:188,0
DA:192,4
DA:198,4
DA:202,4
DA:203,4
DA:204,4
DA:206,0
DA:210,4
DA:211,4
DA:212,4
DA:213,4
DA:214,4
DA:217,4
DA:220,4
DA:221,4
DA:223,0
DA:226,4
DA:227,4
DA:229,1
DA:230,1
DA:231,1
DA:233,5
DA:238,40
DA:239,1
DA:240,1
DA:241,1
DA:244,1
DA:246,1
DA:247,0
DA:250,1
DA:251,1
DA:254,1
DA:265,1
DA:266,1
DA:267,1
DA:269,0
DA:273,1
DA:274,1
DA:275,1
DA:276,1
DA:277,1
DA:280,1
DA:283,1
DA:284,1
DA:286,0
DA:289,1
DA:290,1
DA:292,0
DA:293,0
DA:294,0
DA:296,1
DA:301,40
DA:302,1
DA:303,1
DA:304,1
DA:307,1
DA:309,1
DA:310,0
DA:313,1
DA:314,1
DA:317,1
DA:328,1
DA:331,1
DA:332,1
DA:333,1
DA:334,1
DA:335,1
DA:338,1
DA:341,1
DA:342,1
DA:344,0
DA:347,1
DA:348,1
DA:350,0
DA:351,0
DA:352,0
DA:354,1
DA:359,40
DA:360,6
DA:362,1
DA:366,6
DA:368,0
DA:369,0
DA:370,0
DA:373,6
DA:378,40
DA:379,1
DA:381,1
DA:382,1
DA:385,1
DA:387,1
DA:388,0
DA:389,0
DA:391,0
DA:397,1
DA:399,1
DA:403,1
DA:406,1
DA:407,1
DA:409,0
DA:410,0
DA:411,0
DA:412,0
DA:415,0
DA:416,0
DA:420,0
DA:421,0
DA:422,0
DA:423,0
DA:426,1
DA:427,1
DA:428,1
DA:433,1
DA:436,1
DA:437,1
DA:439,0
DA:442,1
DA:444,0
DA:445,0
DA:450,40
DA:451,1
DA:452,2
DA:457,1
DA:458,1
DA:459,1
DA:462,1
DA:465,1
DA:466,1
DA:468,0
DA:471,1
DA:473,0
DA:474,0
DA:479,40
DA:480,5
DA:482,5
DA:483,1
DA:486,5
DA:488,4
DA:489,0
DA:493,0
DA:494,0
DA:495,0
DA:497,1
DA:500,1
DA:501,0
DA:503,0
DA:506,0
DA:507,0
DA:511,5
DA:513,0
DA:516,0
DA:517,0
DA:520,0
DA:525,40
DA:526,0
DA:529,0
DA:550,0
DA:551,0
DA:556,40
DA:557,0
DA:558,0
DA:559,0
DA:560,0
DA:565,0
DA:566,0
DA:568,0
DA:569,0
DA:574,40
DA:575,0
DA:576,0
DA:577,0
DA:578,0
DA:579,0
DA:580,0
DA:581,0
DA:582,0
DA:583,0
DA:584,0
DA:585,0
DA:586,0
DA:587,0
DA:588,0
DA:589,0
DA:622,40
DA:623,40
DA:624,40
DA:625,0
DA:627,40
LF:263
LH:169
BRDA:100,0,0,2
BRDA:107,1,0,2
BRDA:107,1,1,0
BRDA:111,2,0,0
BRDA:131,3,0,1
BRDA:166,4,0,0
BRDA:177,5,0,0
BRDA:177,6,0,4
BRDA:177,6,1,4
BRDA:186,7,0,0
BRDA:188,8,0,0
BRDA:188,8,1,0
BRDA:230,9,0,1
BRDA:230,9,1,0
BRDA:246,10,0,0
BRDA:293,11,0,0
BRDA:293,11,1,0
BRDA:309,12,0,0
BRDA:309,13,0,1
BRDA:309,13,1,1
BRDA:351,14,0,0
BRDA:351,14,1,0
BRDA:362,15,0,1
BRDA:362,15,1,0
BRDA:366,16,0,0
BRDA:366,16,1,6
BRDA:382,17,0,1
BRDA:382,17,1,1
BRDA:385,18,0,1
BRDA:387,19,0,0
BRDA:387,20,0,1
BRDA:387,20,1,0
BRDA:399,21,0,1
BRDA:399,21,1,1
BRDA:406,22,0,1
BRDA:406,23,0,1
BRDA:406,23,1,1
BRDA:407,24,0,0
BRDA:407,24,1,1
BRDA:410,25,0,0
BRDA:410,25,1,0
BRDA:454,26,0,2
BRDA:454,26,1,1
BRDA:483,27,0,1
BRDA:483,27,1,0
BRDA:486,28,0,4
BRDA:486,28,1,1
BRDA:486,29,0,5
BRDA:486,29,1,1
BRDA:486,29,2,1
BRDA:486,29,3,1
BRDA:486,29,4,1
BRDA:488,30,0,0
BRDA:497,31,0,1
BRDA:497,31,1,0
BRDA:500,32,0,0
BRDA:503,33,0,0
BRDA:506,34,0,0
BRDA:516,35,0,0
BRDA:559,36,0,0
BRDA:559,37,0,0
BRDA:559,37,1,0
BRDA:575,38,0,0
BRDA:576,39,0,0
BRDA:577,40,0,0
BRDA:578,41,0,0
BRDA:579,42,0,0
BRDA:580,43,0,0
BRDA:581,44,0,0
BRDA:582,45,0,0
BRDA:583,46,0,0
BRDA:584,47,0,0
BRDA:585,48,0,0
BRDA:586,49,0,0
BRDA:587,50,0,0
BRDA:588,51,0,0
BRDA:624,52,0,0
BRF:77
BRH:31
end_of_record
TN:
SF:services/api.ts
FN:2,(anonymous_3)
FN:20,postRequest
FN:45,getRequest
FNF:3
FNH:0
FNDA:0,(anonymous_3)
FNDA:0,postRequest
FNDA:0,getRequest
DA:2,0
DA:4,0
DA:5,0
DA:9,0
DA:12,0
DA:20,0
DA:21,0
DA:30,0
DA:32,0
DA:33,0
DA:36,0
DA:45,0
DA:46,0
DA:50,0
DA:51,0
DA:54,0
DA:60,0
DA:62,0
DA:63,0
DA:66,0
LF:20
LH:0
BRDA:4,0,0,0
BRDA:4,1,0,0
BRDA:4,1,1,0
BRDA:9,2,0,0
BRDA:9,2,1,0
BRDA:32,3,0,0
BRDA:33,4,0,0
BRDA:33,4,1,0
BRDA:50,5,0,0
BRDA:62,6,0,0
BRDA:63,7,0,0
BRDA:63,7,1,0
BRF:12
BRH:0
end_of_record
TN:
SF:services/contacts-api.ts
FN:9,sendContactInvitation
FN:33,getPendingInvitations
FN:55,respondToInvitation
FN:79,getUserContacts
FNF:4
FNH:0
FNDA:0,sendContactInvitation
FNDA:0,getPendingInvitations
FNDA:0,respondToInvitation
FNDA:0,getUserContacts
DA:1,0
DA:4,0
DA:9,0
DA:10,0
DA:12,0
DA:21,0
DA:23,0
DA:24,0
DA:27,0
DA:33,0
DA:34,0
DA:36,0
DA:43,0
DA:45,0
DA:46,0
DA:49,0
DA:55,0
DA:56,0
DA:58,0
DA:67,0
DA:69,0
DA:70,0
DA:73,0
DA:79,0
DA:80,0
DA:82,0
DA:89,0
DA:91,0
DA:92,0
DA:95,0
LF:30
LH:0
BRDA:23,0,0,0
BRDA:24,1,0,0
BRDA:24,1,1,0
BRDA:45,2,0,0
BRDA:46,3,0,0
BRDA:46,3,1,0
BRDA:69,4,0,0
BRDA:70,5,0,0
BRDA:70,5,1,0
BRDA:91,6,0,0
BRDA:92,7,0,0
BRDA:92,7,1,0
BRF:12
BRH:0
end_of_record
TN:
SF:services/transaction-api.ts
FN:7,createTransaction
FN:28,getTransactions
FN:48,getTransaction
FN:68,updateConditionStatus
FN:98,syncTransactionStatus
FN:139,startFinalApproval
FN:162,raiseDispute
FNF:7
FNH:0
FNDA:0,createTransaction
FNDA:0,getTransactions
FNDA:0,getTransaction
FNDA:0,updateConditionStatus
FNDA:0,syncTransactionStatus
FNDA:0,startFinalApproval
FNDA:0,raiseDispute
DA:2,0
DA:7,0
DA:8,0
DA:17,0
DA:18,0
DA:19,0
DA:22,0
DA:28,0
DA:29,0
DA:37,0
DA:38,0
DA:39,0
DA:42,0
DA:48,0
DA:49,0
DA:57,0
DA:58,0
DA:59,0
DA:62,0
DA:68,0
DA:75,0
DA:87,0
DA:88,0
DA:89,0
DA:92,0
DA:98,0
DA:106,0
DA:111,0
DA:112,0
DA:115,0
DA:116,0
DA:119,0
DA:128,0
DA:129,0
DA:130,0
DA:133,0
DA:139,0
DA:140,0
DA:151,0
DA:152,0
DA:153,0
DA:156,0
DA:162,0
DA:168,0
DA:172,0
DA:173,0
DA:176,0
DA:185,0
DA:186,0
DA:187,0
DA:190,0
LF:51
LH:0
BRDA:17,0,0,0
BRDA:19,1,0,0
BRDA:19,1,1,0
BRDA:37,2,0,0
BRDA:39,3,0,0
BRDA:39,3,1,0
BRDA:57,4,0,0
BRDA:59,5,0,0
BRDA:59,5,1,0
BRDA:87,6,0,0
BRDA:89,7,0,0
BRDA:89,7,1,0
BRDA:111,8,0,0
BRDA:115,9,0,0
BRDA:128,10,0,0
BRDA:130,11,0,0
BRDA:130,11,1,0
BRDA:151,12,0,0
BRDA:153,13,0,0
BRDA:153,13,1,0
BRDA:172,14,0,0
BRDA:185,15,0,0
BRDA:187,16,0,0
BRDA:187,16,1,0
BRF:24
BRH:0
end_of_record
TN:
SF:services/wallet-api.ts
FN:13,(anonymous_7)
FN:16,(anonymous_8)
FN:39,(anonymous_9)
FN:62,(anonymous_10)
FN:89,(anonymous_11)
FN:110,(anonymous_12)
FN:137,(anonymous_13)
FN:149,(anonymous_14)
FN:173,(anonymous_15)
FN:186,(anonymous_16)
FN:213,(anonymous_17)
FN:226,(anonymous_18)
FN:253,(anonymous_19)
FN:278,(anonymous_20)
FN:305,(anonymous_21)
FN:326,(anonymous_22)
FN:356,(anonymous_23)
FN:364,(anonymous_24)
FN:365,(anonymous_25)
FNF:19
FNH:4
FNDA:3,(anonymous_7)
FNDA:3,(anonymous_8)
FNDA:1,(anonymous_9)
FNDA:0,(anonymous_10)
FNDA:0,(anonymous_11)
FNDA:0,(anonymous_12)
FNDA:0,(anonymous_13)
FNDA:0,(anonymous_14)
FNDA:0,(anonymous_15)
FNDA:0,(anonymous_16)
FNDA:0,(anonymous_17)
FNDA:0,(anonymous_18)
FNDA:0,(anonymous_19)
FNDA:0,(anonymous_20)
FNDA:2,(anonymous_21)
FNDA:0,(anonymous_22)
FNDA:0,(anonymous_23)
FNDA:0,(anonymous_24)
FNDA:0,(anonymous_25)
DA:3,1
DA:8,0
DA:14,3
DA:16,3
DA:17,3
DA:18,3
DA:20,0
DA:21,0
DA:22,0
DA:28,3
DA:31,3
DA:40,1
DA:41,1
DA:47,1
DA:49,1
DA:61,1
DA:62,0
DA:63,0
DA:66,1
DA:67,1
DA:69,1
DA:71,0
DA:74,0
DA:75,0
DA:76,0
DA:79,0
DA:98,0
DA:99,0
DA:101,0
DA:103,0
DA:109,0
DA:110,0
DA:111,0
DA:114,0
DA:115,0
DA:117,0
DA:119,0
DA:122,0
DA:123,0
DA:124,0
DA:127,0
DA:138,0
DA:139,0
DA:141,0
DA:143,0
DA:148,0
DA:149,0
DA:150,0
DA:153,0
DA:154,0
DA:156,0
DA:158,0
DA:161,0
DA:162,0
DA:163,0
DA:166,0
DA:174,0
DA:175,0
DA:177,0
DA:179,0
DA:185,0
DA:186,0
DA:187,0
DA:190,0
DA:191,0
DA:193,0
DA:195,0
DA:198,0
DA:199,0
DA:200,0
DA:203,0
DA:214,0
DA:215,0
DA:217,0
DA:219,0
DA:225,0
DA:226,0
DA:227,0
DA:230,0
DA:231,0
DA:233,0
DA:235,0
DA:238,0
DA:239,0
DA:240,0
DA:243,0
DA:254,0
DA:255,0
DA:257,0
DA:263,0
DA:264,0
DA:265,0
DA:268,0
DA:270,0
DA:271,0
DA:282,0
DA:283,0
DA:285,0
DA:290,0
DA:291,0
DA:294,0
DA:295,0
DA:297,0
DA:298,0
DA:310,2
DA:311,2
DA:317,2
DA:319,2
DA:325,1
DA:326,0
DA:327,0
DA:330,1
DA:331,1
DA:333,1
DA:335,1
DA:338,1
DA:339,0
DA:340,0
DA:343,1
DA:352,4
DA:355,1
DA:357,0
DA:364,0
DA:365,0
LF:124
LH:28
BRDA:3,0,0,1
BRDA:3,0,1,1
BRDA:20,1,0,0
BRDA:57,2,0,1
BRDA:57,2,1,1
BRDA:61,3,0,0
BRDA:63,4,0,0
BRDA:63,4,1,0
BRDA:74,5,0,0
BRDA:81,6,0,0
BRDA:81,6,1,0
BRDA:109,7,0,0
BRDA:111,8,0,0
BRDA:111,8,1,0
BRDA:122,9,0,0
BRDA:129,10,0,0
BRDA:129,10,1,0
BRDA:148,11,0,0
BRDA:150,12,0,0
BRDA:150,12,1,0
BRDA:156,13,0,0
BRDA:156,13,1,0
BRDA:161,14,0,0
BRDA:185,15,0,0
BRDA:187,16,0,0
BRDA:187,16,1,0
BRDA:198,17,0,0
BRDA:205,18,0,0
BRDA:205,18,1,0
BRDA:225,19,0,0
BRDA:227,20,0,0
BRDA:227,20,1,0
BRDA:238,21,0,0
BRDA:245,22,0,0
BRDA:245,22,1,0
BRDA:263,23,0,0
BRDA:290,24,0,0
BRDA:295,25,0,0
BRDA:295,25,1,0
BRDA:325,26,0,0
BRDA:327,27,0,0
BRDA:327,27,1,0
BRDA:338,28,0,0
BRDA:345,29,0,1
BRDA:345,29,1,0
BRF:45
BRH:5
end_of_record
TN:
SF:services/wallet-detection.ts
FN:22,(anonymous_3)
FN:50,(anonymous_4)
FN:57,(anonymous_5)
FN:69,(anonymous_6)
FN:85,(anonymous_7)
FN:87,(anonymous_8)
FN:104,(anonymous_9)
FN:105,(anonymous_10)
FN:108,(anonymous_11)
FN:113,(anonymous_12)
FN:126,(anonymous_13)
FN:136,(anonymous_14)
FN:201,(anonymous_15)
FN:210,(anonymous_16)
FN:231,(anonymous_17)
FN:239,(anonymous_18)
FN:240,(anonymous_19)
FN:253,(anonymous_20)
FN:302,(anonymous_21)
FN:335,(anonymous_22)
FN:356,(anonymous_23)
FN:363,(anonymous_24)
FN:365,(anonymous_25)
FN:373,(anonymous_26)
FN:375,(anonymous_27)
FNF:25
FNH:14
FNDA:5,(anonymous_3)
FNDA:5,(anonymous_4)
FNDA:4,(anonymous_5)
FNDA:4,(anonymous_6)
FNDA:10,(anonymous_7)
FNDA:9,(anonymous_8)
FNDA:5,(anonymous_9)
FNDA:5,(anonymous_10)
FNDA:10,(anonymous_11)
FNDA:6,(anonymous_12)
FNDA:5,(anonymous_13)
FNDA:5,(anonymous_14)
FNDA:0,(anonymous_15)
FNDA:0,(anonymous_16)
FNDA:0,(anonymous_17)
FNDA:0,(anonymous_18)
FNDA:0,(anonymous_19)
FNDA:5,(anonymous_20)
FNDA:0,(anonymous_21)
FNDA:5,(anonymous_22)
FNDA:0,(anonymous_23)
FNDA:0,(anonymous_24)
FNDA:0,(anonymous_25)
FNDA:0,(anonymous_26)
FNDA:0,(anonymous_27)
DA:13,0
DA:14,1
DA:15,1
DA:16,1
DA:17,1
DA:23,5
DA:26,5
DA:29,5
DA:32,5
DA:34,5
DA:40,5
DA:51,5
DA:54,5
DA:57,5
DA:58,4
DA:69,5
DA:70,5
DA:76,5
DA:80,5
DA:85,5
DA:86,10
DA:87,10
DA:88,0
DA:98,5
DA:105,5
DA:106,5
DA:108,5
DA:109,10
DA:110,10
DA:113,10
DA:114,10
DA:115,4
DA:120,5
DA:123,5
DA:126,5
DA:127,5
DA:128,5
DA:137,5
DA:140,5
DA:182,5
DA:183,30
DA:184,30
DA:187,30
DA:188,5
DA:191,30
DA:192,7
DA:194,7
DA:202,0
DA:203,0
DA:204,0
DA:206,0
DA:207,0
DA:211,0
DA:212,0
DA:214,0
DA:215,0
DA:223,7
DA:226,0
DA:231,5
DA:232,0
DA:239,0
DA:240,0
DA:247,5
DA:254,5
DA:257,5
DA:288,5
DA:289,25
DA:290,25
DA:293,25
DA:294,1
DA:297,25
DA:298,5
DA:303,0
DA:304,0
DA:305,0
DA:306,0
DA:307,0
DA:308,0
DA:309,0
DA:310,0
DA:312,0
DA:314,0
DA:315,0
DA:322,5
DA:325,0
DA:329,5
DA:336,5
DA:337,0
DA:338,0
DA:339,0
DA:340,0
DA:341,0
DA:342,0
DA:343,0
DA:344,0
DA:345,0
DA:346,0
DA:347,0
DA:348,0
DA:349,0
DA:350,0
DA:357,0
DA:364,0
DA:365,0
DA:374,0
DA:375,0
DA:382,6
LF:107
LH:61
BRDA:69,0,0,5
BRDA:69,1,0,5
BRDA:69,1,1,5
BRDA:87,2,0,0
BRDA:87,3,0,10
BRDA:87,3,1,5
BRDA:114,4,0,4
BRDA:187,5,0,5
BRDA:187,6,0,30
BRDA:187,6,1,15
BRDA:191,7,0,7
BRDA:192,8,0,0
BRDA:192,8,1,7
BRDA:231,9,0,0
BRDA:231,10,0,5
BRDA:231,10,1,0
BRDA:293,11,0,1
BRDA:293,12,0,25
BRDA:293,12,1,15
BRDA:297,13,0,5
BRDA:304,14,0,0
BRDA:304,14,1,0
BRDA:306,15,0,0
BRDA:306,15,1,0
BRDA:308,16,0,0
BRDA:310,17,0,0
BRDA:310,17,1,0
BRDA:336,18,0,5
BRDA:337,19,0,0
BRDA:338,20,0,0
BRDA:339,21,0,0
BRDA:340,22,0,0
BRDA:341,23,0,0
BRDA:342,24,0,0
BRDA:343,25,0,0
BRDA:344,26,0,0
BRDA:345,27,0,0
BRDA:346,28,0,0
BRDA:347,29,0,0
BRDA:348,30,0,0
BRDA:349,31,0,0
BRDA:365,32,0,0
BRDA:365,32,1,0
BRDA:375,33,0,0
BRDA:375,33,1,0
BRF:45
BRH:17
end_of_record
TN:
SF:types/wallet.ts
FNF:0
FNH:0
DA:116,0
LF:1
LH:0
BRF:0
BRH:0
end_of_record
